#
# A fatal error has been detected by the Java Runtime Environment:
#
#  EXCEPTION_ACCESS_VIOLATION (0xc0000005) at pc=0x00007ffe7e7091b0, pid=22384, tid=12964
#
# JRE version: Java(TM) SE Runtime Environment (19.0.1+10) (build 19.0.1+10-21)
# Java VM: Java HotSpot(TM) 64-Bit Server VM (19.0.1+10-21, mixed mode, emulated-client, sharing, tiered, compressed oops, compressed class ptrs, g1 gc, windows-amd64)
# Problematic frame:
# V  [jvm.dll+0x3591b0]
#
# No core dump will be written. Minidumps are not enabled by default on client versions of Windows
#
# If you would like to submit a bug report, please visit:
#   https://bugreport.java.com/bugreport/crash.jsp
#

---------------  S U M M A R Y ------------

Command Line: -XX:+ShowCodeDetailsInExceptionMessages -agentlib:jdwp=transport=dt_socket,suspend=y,address=localhost:52430 -Dcom.sun.management.jmxremote -Dcom.sun.management.jmxremote.port=52426 -Dcom.sun.management.jmxremote.authenticate=false -Dcom.sun.management.jmxremote.ssl=false -Djava.rmi.server.hostname=localhost -Dspring.jmx.enabled=true -Dmanagement.endpoints.jmx.exposure.include=* -Dspring.application.admin.enabled=true -XX:TieredStopAtLevel=1 -Dspring.boot.project.name=ReservationConsultationFilm -javaagent:C:\eclipse\configuration\org.eclipse.osgi\227\0\.cp\lib\javaagent-shaded.jar -Dfile.encoding=UTF-8 com.example.demo.PfaProjectApplication --spring.output.ansi.enabled=always

Host: 11th Gen Intel(R) Core(TM) i7-11800H @ 2.30GHz, 16 cores, 23G,  Windows 10 , 64 bit Build 19041 (10.0.19041.3155)
Time: Tue Aug 29 08:54:06 2023 Montagnes (Mexique) elapsed time: 5526.701309 seconds (0d 1h 32m 6s)

---------------  T H R E A D  ---------------

Current thread (0x0000023216fbfa10):  WorkerThread "GC Thread#3" [stack: 0x0000008812200000,0x0000008812300000] [id=12964]

Stack: [0x0000008812200000,0x0000008812300000],  sp=0x00000088122fe1b0,  free space=1016k
Native frames: (J=compiled Java code, j=interpreted, Vv=VM code, C=native code)
V  [jvm.dll+0x3591b0]
V  [jvm.dll+0x36be08]
V  [jvm.dll+0x3187ed]
V  [jvm.dll+0x31822d]
V  [jvm.dll+0x805677]
V  [jvm.dll+0x8054e9]
V  [jvm.dll+0x805b36]
V  [jvm.dll+0x36c41c]
V  [jvm.dll+0x36c2b5]
V  [jvm.dll+0x374ff4]
V  [jvm.dll+0x37516b]
V  [jvm.dll+0x8839c7]
V  [jvm.dll+0x8015fa]
V  [jvm.dll+0x6ed5eb]
C  [ucrtbase.dll+0x21bb2]
C  [KERNEL32.DLL+0x17614]
C  [ntdll.dll+0x526b1]

JavaThread 0x0000023217136490 (nid = 4620) was being processed
Java frames: (J=compiled Java code, j=interpreted, Vv=VM code)
j  java.lang.invoke.DirectMethodHandle$Holder.newInvokeSpecial(Ljava/lang/Object;)Ljava/lang/Object;+15 java.base@19.0.1
J 868 c1 jdk.internal.reflect.DirectConstructorHandleAccessor.newInstance([Ljava/lang/Object;)Ljava/lang/Object; java.base@19.0.1 (148 bytes) @ 0x0000023200410d4c [0x0000023200410b40+0x000000000000020c]
J 867 c1 java.lang.reflect.Constructor.newInstanceWithCaller([Ljava/lang/Object;ZLjava/lang/Class;)Ljava/lang/Object; java.base@19.0.1 (51 bytes) @ 0x000002320040befc [0x000002320040be40+0x00000000000000bc]
J 870 c1 java.lang.reflect.Constructor.newInstance([Ljava/lang/Object;)Ljava/lang/Object; java.base@19.0.1 (34 bytes) @ 0x000002320040c2e4 [0x000002320040c240+0x00000000000000a4]
j  org.hibernate.engine.internal.UnsavedValueFactory.instantiate(Ljava/lang/reflect/Constructor;)Ljava/lang/Object;+5
j  org.hibernate.engine.internal.UnsavedValueFactory.getUnsavedIdentifierValue(Ljava/lang/String;Lorg/hibernate/property/access/spi/Getter;Lorg/hibernate/type/Type;Ljava/lang/reflect/Constructor;)Lorg/hibernate/engine/spi/IdentifierValue;+14
j  org.hibernate.tuple.PropertyFactory.buildIdentifierAttribute(Lorg/hibernate/mapping/PersistentClass;Lorg/hibernate/id/IdentifierGenerator;)Lorg/hibernate/tuple/IdentifierProperty;+37
j  org.hibernate.tuple.entity.EntityMetamodel.<init>(Lorg/hibernate/mapping/PersistentClass;Lorg/hibernate/persister/entity/EntityPersister;Lorg/hibernate/persister/spi/PersisterCreationContext;)V+59
j  org.hibernate.persister.entity.AbstractEntityPersister.<init>(Lorg/hibernate/mapping/PersistentClass;Lorg/hibernate/cache/spi/access/EntityDataAccess;Lorg/hibernate/cache/spi/access/NaturalIdDataAccess;Lorg/hibernate/persister/spi/PersisterCreationContext;)V+176
j  org.hibernate.persister.entity.SingleTableEntityPersister.<init>(Lorg/hibernate/mapping/PersistentClass;Lorg/hibernate/cache/spi/access/EntityDataAccess;Lorg/hibernate/cache/spi/access/NaturalIdDataAccess;Lorg/hibernate/persister/spi/PersisterCreationContext;)V+6
J 4469 c1 java.lang.invoke.LambdaForm$DMH+0x000000080111c400.newInvokeSpecial(Ljava/lang/Object;Ljava/lang/Object;Ljava/lang/Object;Ljava/lang/Object;Ljava/lang/Object;)Ljava/lang/Object; java.base@19.0.1 (30 bytes) @ 0x0000023200b93db4 [0x0000023200b93cc0+0x00000000000000f4]
j  java.lang.invoke.LambdaForm$MH+0x0000000801945400.invoke(Ljava/lang/Object;Ljava/lang/Object;)Ljava/lang/Object;+122 java.base@19.0.1
J 6628 c1 java.lang.invoke.Invokers$Holder.invokeExact_MT(Ljava/lang/Object;Ljava/lang/Object;Ljava/lang/Object;)Ljava/lang/Object; java.base@19.0.1 (23 bytes) @ 0x0000023200f533ac [0x0000023200f532e0+0x00000000000000cc]
J 868 c1 jdk.internal.reflect.DirectConstructorHandleAccessor.newInstance([Ljava/lang/Object;)Ljava/lang/Object; java.base@19.0.1 (148 bytes) @ 0x0000023200410dfc [0x0000023200410b40+0x00000000000002bc]
J 867 c1 java.lang.reflect.Constructor.newInstanceWithCaller([Ljava/lang/Object;ZLjava/lang/Class;)Ljava/lang/Object; java.base@19.0.1 (51 bytes) @ 0x000002320040befc [0x000002320040be40+0x00000000000000bc]
J 870 c1 java.lang.reflect.Constructor.newInstance([Ljava/lang/Object;)Ljava/lang/Object; java.base@19.0.1 (34 bytes) @ 0x000002320040c2e4 [0x000002320040c240+0x00000000000000a4]
j  org.hibernate.persister.internal.PersisterFactoryImpl.createEntityPersister(Ljava/lang/Class;Lorg/hibernate/mapping/PersistentClass;Lorg/hibernate/cache/spi/access/EntityDataAccess;Lorg/hibernate/cache/spi/access/NaturalIdDataAccess;Lorg/hibernate/persister/spi/PersisterCreationContext;)Lorg/hibernate/persister/entity/EntityPersister;+33
j  org.hibernate.persister.internal.PersisterFactoryImpl.createEntityPersister(Lorg/hibernate/mapping/PersistentClass;Lorg/hibernate/cache/spi/access/EntityDataAccess;Lorg/hibernate/cache/spi/access/NaturalIdDataAccess;Lorg/hibernate/persister/spi/PersisterCreationContext;)Lorg/hibernate/persister/entity/EntityPersister;+41
j  org.hibernate.metamodel.internal.MetamodelImpl.initialize(Lorg/hibernate/boot/spi/MetadataImplementor;Lorg/hibernate/metamodel/internal/JpaMetaModelPopulationSetting;)V+148
j  org.hibernate.internal.SessionFactoryImpl.<init>(Lorg/hibernate/boot/spi/MetadataImplementor;Lorg/hibernate/boot/spi/SessionFactoryOptions;Lorg/hibernate/engine/query/spi/QueryPlanCache$QueryPlanCreator;)V+761
j  org.hibernate.boot.internal.SessionFactoryBuilderImpl.build()Lorg/hibernate/SessionFactory;+64
j  org.hibernate.jpa.boot.internal.EntityManagerFactoryBuilderImpl.build()Ljavax/persistence/EntityManagerFactory;+22
j  org.springframework.orm.jpa.vendor.SpringHibernateJpaPersistenceProvider.createContainerEntityManagerFactory(Ljavax/persistence/spi/PersistenceUnitInfo;Ljava/util/Map;)Ljavax/persistence/EntityManagerFactory;+55
j  org.springframework.orm.jpa.LocalContainerEntityManagerFactoryBean.createNativeEntityManagerFactory()Ljavax/persistence/EntityManagerFactory;+129
j  org.springframework.orm.jpa.AbstractEntityManagerFactoryBean.buildNativeEntityManagerFactory()Ljavax/persistence/EntityManagerFactory;+1
j  org.springframework.orm.jpa.AbstractEntityManagerFactoryBean.afterPropertiesSet()V+194
j  org.springframework.orm.jpa.LocalContainerEntityManagerFactoryBean.afterPropertiesSet()V+77
J 6288 c1 org.springframework.beans.factory.support.AbstractAutowireCapableBeanFactory.invokeInitMethods(Ljava/lang/String;Ljava/lang/Object;Lorg/springframework/beans/factory/support/RootBeanDefinition;)V (171 bytes) @ 0x0000023200e76144 [0x0000023200e75e60+0x00000000000002e4]
J 6286 c1 org.springframework.beans.factory.support.AbstractAutowireCapableBeanFactory.initializeBean(Ljava/lang/String;Ljava/lang/Object;Lorg/springframework/beans/factory/support/RootBeanDefinition;)Ljava/lang/Object; (116 bytes) @ 0x0000023200e756cc [0x0000023200e75600+0x00000000000000cc]
J 6397 c1 org.springframework.beans.factory.support.AbstractAutowireCapableBeanFactory.doCreateBean(Ljava/lang/String;Lorg/springframework/beans/factory/support/RootBeanDefinition;[Ljava/lang/Object;)Ljava/lang/Object; (507 bytes) @ 0x0000023200eba9ec [0x0000023200eba360+0x000000000000068c]
J 6396 c1 org.springframework.beans.factory.support.AbstractAutowireCapableBeanFactory.createBean(Ljava/lang/String;Lorg/springframework/beans/factory/support/RootBeanDefinition;[Ljava/lang/Object;)Ljava/lang/Object; (247 bytes) @ 0x0000023200eb47f4 [0x0000023200eb4200+0x00000000000005f4]
J 6957 c1 org.springframework.beans.factory.support.AbstractBeanFactory$$Lambda$354+0x0000000801252970.getObject()Ljava/lang/Object; (20 bytes) @ 0x00000232010243ac [0x0000023201024320+0x000000000000008c]
J 6956 c1 org.springframework.beans.factory.support.DefaultSingletonBeanRegistry.getSingleton(Ljava/lang/String;Lorg/springframework/beans/factory/ObjectFactory;)Ljava/lang/Object; (297 bytes) @ 0x000002320102527c [0x0000023201024e60+0x000000000000041c]
J 3555 c1 org.springframework.beans.factory.support.AbstractBeanFactory.doGetBean(Ljava/lang/String;Ljava/lang/Class;[Ljava/lang/Object;Z)Ljava/lang/Object; (832 bytes) @ 0x00000232009fb15c [0x00000232009fab40+0x000000000000061c]
J 6151 c1 org.springframework.beans.factory.support.AbstractBeanFactory.getBean(Ljava/lang/String;)Ljava/lang/Object; (9 bytes) @ 0x0000023200e30524 [0x0000023200e304c0+0x0000000000000064]
j  org.springframework.beans.factory.support.BeanDefinitionValueResolver.resolveReference(Ljava/lang/Object;Lorg/springframework/beans/factory/config/RuntimeBeanReference;)Ljava/lang/Object;+163
J 8324 c1 org.springframework.beans.factory.support.BeanDefinitionValueResolver.resolveValueIfNecessary(Ljava/lang/Object;Ljava/lang/Object;)Ljava/lang/Object; (577 bytes) @ 0x00000232011aaa3c [0x00000232011a92e0+0x000000000000175c]
J 13284 c1 org.springframework.beans.factory.support.ConstructorResolver.resolveConstructorArguments(Ljava/lang/String;Lorg/springframework/beans/factory/support/RootBeanDefinition;Lorg/springframework/beans/BeanWrapper;Lorg/springframework/beans/factory/config/ConstructorArgumentValues;Lorg/springframework/beans/factory/config/ConstructorArgumentValues;)I (346 bytes) @ 0x000002320162079c [0x0000023201620240+0x000000000000055c]
J 8376 c1 org.springframework.beans.factory.support.ConstructorResolver.instantiateUsingFactoryMethod(Ljava/lang/String;Lorg/springframework/beans/factory/support/RootBeanDefinition;[Ljava/lang/Object;)Lorg/springframework/beans/BeanWrapper; (1574 bytes) @ 0x00000232011ca814 [0x00000232011c9640+0x00000000000011d4]
J 6398 c1 org.springframework.beans.factory.support.AbstractAutowireCapableBeanFactory.createBeanInstance(Ljava/lang/String;Lorg/springframework/beans/factory/support/RootBeanDefinition;[Ljava/lang/Object;)Lorg/springframework/beans/BeanWrapper; (254 bytes) @ 0x0000023200eb7abc [0x0000023200eb7220+0x000000000000089c]
J 6397 c1 org.springframework.beans.factory.support.AbstractAutowireCapableBeanFactory.doCreateBean(Ljava/lang/String;Lorg/springframework/beans/factory/support/RootBeanDefinition;[Ljava/lang/Object;)Ljava/lang/Object; (507 bytes) @ 0x0000023200eba4f4 [0x0000023200eba360+0x0000000000000194]
J 6396 c1 org.springframework.beans.factory.support.AbstractAutowireCapableBeanFactory.createBean(Ljava/lang/String;Lorg/springframework/beans/factory/support/RootBeanDefinition;[Ljava/lang/Object;)Ljava/lang/Object; (247 bytes) @ 0x0000023200eb47f4 [0x0000023200eb4200+0x00000000000005f4]
J 14711 c1 org.springframework.beans.factory.support.BeanDefinitionValueResolver.resolveInnerBean(Ljava/lang/Object;Ljava/lang/String;Lorg/springframework/beans/factory/config/BeanDefinition;)Ljava/lang/Object; (290 bytes) @ 0x0000023201a5c3e4 [0x0000023201a5c160+0x0000000000000284]
J 8324 c1 org.springframework.beans.factory.support.BeanDefinitionValueResolver.resolveValueIfNecessary(Ljava/lang/Object;Ljava/lang/Object;)Ljava/lang/Object; (577 bytes) @ 0x00000232011aa92c [0x00000232011a92e0+0x000000000000164c]
J 6289 c1 org.springframework.beans.factory.support.AbstractAutowireCapableBeanFactory.applyPropertyValues(Ljava/lang/String;Lorg/springframework/beans/factory/config/BeanDefinition;Lorg/springframework/beans/BeanWrapper;Lorg/springframework/beans/PropertyValues;)V (534 bytes) @ 0x0000023200e78c1c [0x0000023200e782e0+0x000000000000093c]
J 6179 c1 org.springframework.beans.factory.support.AbstractAutowireCapableBeanFactory.populateBean(Ljava/lang/String;Lorg/springframework/beans/factory/support/RootBeanDefinition;Lorg/springframework/beans/BeanWrapper;)V (372 bytes) @ 0x0000023200e43744 [0x0000023200e42b80+0x0000000000000bc4]
J 6397 c1 org.springframework.beans.factory.support.AbstractAutowireCapableBeanFactory.doCreateBean(Ljava/lang/String;Lorg/springframework/beans/factory/support/RootBeanDefinition;[Ljava/lang/Object;)Ljava/lang/Object; (507 bytes) @ 0x0000023200eba9c4 [0x0000023200eba360+0x0000000000000664]
J 6396 c1 org.springframework.beans.factory.support.AbstractAutowireCapableBeanFactory.createBean(Ljava/lang/String;Lorg/springframework/beans/factory/support/RootBeanDefinition;[Ljava/lang/Object;)Ljava/lang/Object; (247 bytes) @ 0x0000023200eb47f4 [0x0000023200eb4200+0x00000000000005f4]
J 6957 c1 org.springframework.beans.factory.support.AbstractBeanFactory$$Lambda$354+0x0000000801252970.getObject()Ljava/lang/Object; (20 bytes) @ 0x00000232010243ac [0x0000023201024320+0x000000000000008c]
J 6956 c1 org.springframework.beans.factory.support.DefaultSingletonBeanRegistry.getSingleton(Ljava/lang/String;Lorg/springframework/beans/factory/ObjectFactory;)Ljava/lang/Object; (297 bytes) @ 0x000002320102527c [0x0000023201024e60+0x000000000000041c]
J 3555 c1 org.springframework.beans.factory.support.AbstractBeanFactory.doGetBean(Ljava/lang/String;Ljava/lang/Class;[Ljava/lang/Object;Z)Ljava/lang/Object; (832 bytes) @ 0x00000232009fb15c [0x00000232009fab40+0x000000000000061c]
J 6151 c1 org.springframework.beans.factory.support.AbstractBeanFactory.getBean(Ljava/lang/String;)Ljava/lang/Object; (9 bytes) @ 0x0000023200e30524 [0x0000023200e304c0+0x0000000000000064]
J 8254 c1 org.springframework.beans.factory.config.DependencyDescriptor.resolveCandidate(Ljava/lang/String;Ljava/lang/Class;Lorg/springframework/beans/factory/BeanFactory;)Ljava/lang/Object; (8 bytes) @ 0x000002320117959c [0x0000023201179540+0x000000000000005c]
J 6968 c1 org.springframework.beans.factory.support.DefaultListableBeanFactory.doResolveDependency(Lorg/springframework/beans/factory/config/DependencyDescriptor;Ljava/lang/String;Ljava/util/Set;Lorg/springframework/beans/TypeConverter;)Ljava/lang/Object; (530 bytes) @ 0x000002320102f0b4 [0x000002320102e2c0+0x0000000000000df4]
J 6961 c1 org.springframework.beans.factory.support.DefaultListableBeanFactory.resolveDependency(Lorg/springframework/beans/factory/config/DependencyDescriptor;Ljava/lang/String;Ljava/util/Set;Lorg/springframework/beans/TypeConverter;)Ljava/lang/Object; (116 bytes) @ 0x00000232010278f4 [0x0000023201027760+0x0000000000000194]
J 12619 c1 org.springframework.beans.factory.support.ConstructorResolver.resolveAutowiredArgument(Lorg/springframework/core/MethodParameter;Ljava/lang/String;Ljava/util/Set;Lorg/springframework/beans/TypeConverter;Z)Ljava/lang/Object; (146 bytes) @ 0x0000023201937d44 [0x0000023201937a60+0x00000000000002e4]
J 8266 c1 org.springframework.beans.factory.support.ConstructorResolver.createArgumentArray(Ljava/lang/String;Lorg/springframework/beans/factory/support/RootBeanDefinition;Lorg/springframework/beans/factory/config/ConstructorArgumentValues;Lorg/springframework/beans/BeanWrapper;[Ljava/lang/Class;[Ljava/lang/String;Ljava/lang/reflect/Executable;ZZ)Lorg/springframework/beans/factory/support/ConstructorResolver$ArgumentsHolder; (636 bytes) @ 0x0000023201182054 [0x00000232011813a0+0x0000000000000cb4]
J 13370 c1 org.springframework.beans.factory.support.ConstructorResolver.autowireConstructor(Ljava/lang/String;Lorg/springframework/beans/factory/support/RootBeanDefinition;[Ljava/lang/reflect/Constructor;[Ljava/lang/Object;)Lorg/springframework/beans/BeanWrapper; (991 bytes) @ 0x0000023200944094 [0x0000023200943120+0x0000000000000f74]
J 6398 c1 org.springframework.beans.factory.support.AbstractAutowireCapableBeanFactory.createBeanInstance(Ljava/lang/String;Lorg/springframework/beans/factory/support/RootBeanDefinition;[Ljava/lang/Object;)Lorg/springframework/beans/BeanWrapper; (254 bytes) @ 0x0000023200eb7844 [0x0000023200eb7220+0x0000000000000624]
J 6397 c1 org.springframework.beans.factory.support.AbstractAutowireCapableBeanFactory.doCreateBean(Ljava/lang/String;Lorg/springframework/beans/factory/support/RootBeanDefinition;[Ljava/lang/Object;)Ljava/lang/Object; (507 bytes) @ 0x0000023200eba4f4 [0x0000023200eba360+0x0000000000000194]
J 6396 c1 org.springframework.beans.factory.support.AbstractAutowireCapableBeanFactory.createBean(Ljava/lang/String;Lorg/springframework/beans/factory/support/RootBeanDefinition;[Ljava/lang/Object;)Ljava/lang/Object; (247 bytes) @ 0x0000023200eb47f4 [0x0000023200eb4200+0x00000000000005f4]
J 6957 c1 org.springframework.beans.factory.support.AbstractBeanFactory$$Lambda$354+0x0000000801252970.getObject()Ljava/lang/Object; (20 bytes) @ 0x00000232010243ac [0x0000023201024320+0x000000000000008c]
J 6956 c1 org.springframework.beans.factory.support.DefaultSingletonBeanRegistry.getSingleton(Ljava/lang/String;Lorg/springframework/beans/factory/ObjectFactory;)Ljava/lang/Object; (297 bytes) @ 0x000002320102527c [0x0000023201024e60+0x000000000000041c]
J 3555 c1 org.springframework.beans.factory.support.AbstractBeanFactory.doGetBean(Ljava/lang/String;Ljava/lang/Class;[Ljava/lang/Object;Z)Ljava/lang/Object; (832 bytes) @ 0x00000232009fb15c [0x00000232009fab40+0x000000000000061c]
J 8376 c1 org.springframework.beans.factory.support.ConstructorResolver.instantiateUsingFactoryMethod(Ljava/lang/String;Lorg/springframework/beans/factory/support/RootBeanDefinition;[Ljava/lang/Object;)Lorg/springframework/beans/BeanWrapper; (1574 bytes) @ 0x00000232011c9884 [0x00000232011c9640+0x0000000000000244]
J 6398 c1 org.springframework.beans.factory.support.AbstractAutowireCapableBeanFactory.createBeanInstance(Ljava/lang/String;Lorg/springframework/beans/factory/support/RootBeanDefinition;[Ljava/lang/Object;)Lorg/springframework/beans/BeanWrapper; (254 bytes) @ 0x0000023200eb7abc [0x0000023200eb7220+0x000000000000089c]
J 6397 c1 org.springframework.beans.factory.support.AbstractAutowireCapableBeanFactory.doCreateBean(Ljava/lang/String;Lorg/springframework/beans/factory/support/RootBeanDefinition;[Ljava/lang/Object;)Ljava/lang/Object; (507 bytes) @ 0x0000023200eba4f4 [0x0000023200eba360+0x0000000000000194]
J 6396 c1 org.springframework.beans.factory.support.AbstractAutowireCapableBeanFactory.createBean(Ljava/lang/String;Lorg/springframework/beans/factory/support/RootBeanDefinition;[Ljava/lang/Object;)Ljava/lang/Object; (247 bytes) @ 0x0000023200eb47f4 [0x0000023200eb4200+0x00000000000005f4]
J 6957 c1 org.springframework.beans.factory.support.AbstractBeanFactory$$Lambda$354+0x0000000801252970.getObject()Ljava/lang/Object; (20 bytes) @ 0x00000232010243ac [0x0000023201024320+0x000000000000008c]
J 6956 c1 org.springframework.beans.factory.support.DefaultSingletonBeanRegistry.getSingleton(Ljava/lang/String;Lorg/springframework/beans/factory/ObjectFactory;)Ljava/lang/Object; (297 bytes) @ 0x000002320102527c [0x0000023201024e60+0x000000000000041c]
J 3555 c1 org.springframework.beans.factory.support.AbstractBeanFactory.doGetBean(Ljava/lang/String;Ljava/lang/Class;[Ljava/lang/Object;Z)Ljava/lang/Object; (832 bytes) @ 0x00000232009fb15c [0x00000232009fab40+0x000000000000061c]
J 6151 c1 org.springframework.beans.factory.support.AbstractBeanFactory.getBean(Ljava/lang/String;)Ljava/lang/Object; (9 bytes) @ 0x0000023200e30524 [0x0000023200e304c0+0x0000000000000064]
J 8254 c1 org.springframework.beans.factory.config.DependencyDescriptor.resolveCandidate(Ljava/lang/String;Ljava/lang/Class;Lorg/springframework/beans/factory/BeanFactory;)Ljava/lang/Object; (8 bytes) @ 0x000002320117959c [0x0000023201179540+0x000000000000005c]
J 6968 c1 org.springframework.beans.factory.support.DefaultListableBeanFactory.doResolveDependency(Lorg/springframework/beans/factory/config/DependencyDescriptor;Ljava/lang/String;Ljava/util/Set;Lorg/springframework/beans/TypeConverter;)Ljava/lang/Object; (530 bytes) @ 0x000002320102f0b4 [0x000002320102e2c0+0x0000000000000df4]
J 6961 c1 org.springframework.beans.factory.support.DefaultListableBeanFactory.resolveDependency(Lorg/springframework/beans/factory/config/DependencyDescriptor;Ljava/lang/String;Ljava/util/Set;Lorg/springframework/beans/TypeConverter;)Ljava/lang/Object; (116 bytes) @ 0x00000232010278f4 [0x0000023201027760+0x0000000000000194]
J 12619 c1 org.springframework.beans.factory.support.ConstructorResolver.resolveAutowiredArgument(Lorg/springframework/core/MethodParameter;Ljava/lang/String;Ljava/util/Set;Lorg/springframework/beans/TypeConverter;Z)Ljava/lang/Object; (146 bytes) @ 0x0000023201937d44 [0x0000023201937a60+0x00000000000002e4]
J 8266 c1 org.springframework.beans.factory.support.ConstructorResolver.createArgumentArray(Ljava/lang/String;Lorg/springframework/beans/factory/support/RootBeanDefinition;Lorg/springframework/beans/factory/config/ConstructorArgumentValues;Lorg/springframework/beans/BeanWrapper;[Ljava/lang/Class;[Ljava/lang/String;Ljava/lang/reflect/Executable;ZZ)Lorg/springframework/beans/factory/support/ConstructorResolver$ArgumentsHolder; (636 bytes) @ 0x0000023201182054 [0x00000232011813a0+0x0000000000000cb4]
J 13370 c1 org.springframework.beans.factory.support.ConstructorResolver.autowireConstructor(Ljava/lang/String;Lorg/springframework/beans/factory/support/RootBeanDefinition;[Ljava/lang/reflect/Constructor;[Ljava/lang/Object;)Lorg/springframework/beans/BeanWrapper; (991 bytes) @ 0x0000023200944094 [0x0000023200943120+0x0000000000000f74]
J 6398 c1 org.springframework.beans.factory.support.AbstractAutowireCapableBeanFactory.createBeanInstance(Ljava/lang/String;Lorg/springframework/beans/factory/support/RootBeanDefinition;[Ljava/lang/Object;)Lorg/springframework/beans/BeanWrapper; (254 bytes) @ 0x0000023200eb7844 [0x0000023200eb7220+0x0000000000000624]
J 6397 c1 org.springframework.beans.factory.support.AbstractAutowireCapableBeanFactory.doCreateBean(Ljava/lang/String;Lorg/springframework/beans/factory/support/RootBeanDefinition;[Ljava/lang/Object;)Ljava/lang/Object; (507 bytes) @ 0x0000023200eba4f4 [0x0000023200eba360+0x0000000000000194]
J 6396 c1 org.springframework.beans.factory.support.AbstractAutowireCapableBeanFactory.createBean(Ljava/lang/String;Lorg/springframework/beans/factory/support/RootBeanDefinition;[Ljava/lang/Object;)Ljava/lang/Object; (247 bytes) @ 0x0000023200eb47f4 [0x0000023200eb4200+0x00000000000005f4]
J 6957 c1 org.springframework.beans.factory.support.AbstractBeanFactory$$Lambda$354+0x0000000801252970.getObject()Ljava/lang/Object; (20 bytes) @ 0x00000232010243ac [0x0000023201024320+0x000000000000008c]
J 6956 c1 org.springframework.beans.factory.support.DefaultSingletonBeanRegistry.getSingleton(Ljava/lang/String;Lorg/springframework/beans/factory/ObjectFactory;)Ljava/lang/Object; (297 bytes) @ 0x000002320102527c [0x0000023201024e60+0x000000000000041c]
J 3555 c1 org.springframework.beans.factory.support.AbstractBeanFactory.doGetBean(Ljava/lang/String;Ljava/lang/Class;[Ljava/lang/Object;Z)Ljava/lang/Object; (832 bytes) @ 0x00000232009fb15c [0x00000232009fab40+0x000000000000061c]
J 3152 c1 org.springframework.beans.factory.support.AbstractBeanFactory.getBean(Ljava/lang/String;Ljava/lang/Class;)Ljava/lang/Object; (9 bytes) @ 0x000002320093cfa4 [0x000002320093cf40+0x0000000000000064]
j  org.springframework.boot.web.servlet.ServletContextInitializerBeans.getOrderedBeansOfType(Lorg/springframework/beans/factory/ListableBeanFactory;Ljava/lang/Class;Ljava/util/Set;)Ljava/util/List;+69
j  org.springframework.boot.web.servlet.ServletContextInitializerBeans.addAsRegistrationBean(Lorg/springframework/beans/factory/ListableBeanFactory;Ljava/lang/Class;Ljava/lang/Class;Lorg/springframework/boot/web/servlet/ServletContextInitializerBeans$RegistrationBeanAdapter;)V+7
j  org.springframework.boot.web.servlet.ServletContextInitializerBeans.addAsRegistrationBean(Lorg/springframework/beans/factory/ListableBeanFactory;Ljava/lang/Class;Lorg/springframework/boot/web/servlet/ServletContextInitializerBeans$RegistrationBeanAdapter;)V+5
j  org.springframework.boot.web.servlet.ServletContextInitializerBeans.addAdaptableBeans(Lorg/springframework/beans/factory/ListableBeanFactory;)V+33
j  org.springframework.boot.web.servlet.ServletContextInitializerBeans.<init>(Lorg/springframework/beans/factory/ListableBeanFactory;[Ljava/lang/Class;)V+54
j  org.springframework.boot.web.servlet.context.ServletWebServerApplicationContext.getServletContextInitializerBeans()Ljava/util/Collection;+12
j  org.springframework.boot.web.servlet.context.ServletWebServerApplicationContext.selfInitialize(Ljavax/servlet/ServletContext;)V+19
j  org.springframework.boot.web.servlet.context.ServletWebServerApplicationContext$$Lambda$710+0x00000008013ccf40.onStartup(Ljavax/servlet/ServletContext;)V+5
j  org.springframework.boot.web.embedded.tomcat.TomcatStarter.onStartup(Ljava/util/Set;Ljavax/servlet/ServletContext;)V+28
j  org.apache.catalina.core.StandardContext.startInternal()V+1111
J 14884 c1 org.apache.catalina.util.LifecycleBase.start()V (287 bytes) @ 0x0000023201a1be64 [0x0000023201a1b7a0+0x00000000000006c4]
j  org.apache.catalina.core.ContainerBase$StartChild.call()Ljava/lang/Void;+4
j  org.apache.catalina.core.ContainerBase$StartChild.call()Ljava/lang/Object;+1
J 6818 c1 java.util.concurrent.FutureTask.run()V java.base@19.0.1 (123 bytes) @ 0x0000023200fe08bc [0x0000023200fe0720+0x000000000000019c]
j  org.apache.tomcat.util.threads.InlineExecutorService.execute(Ljava/lang/Runnable;)V+38
J 6844 c1 java.util.concurrent.AbstractExecutorService.submit(Ljava/util/concurrent/Callable;)Ljava/util/concurrent/Future; java.base@19.0.1 (25 bytes) @ 0x0000023200fefc5c [0x0000023200fefbe0+0x000000000000007c]
j  org.apache.catalina.core.ContainerBase.startInternal()V+116
j  org.apache.catalina.core.StandardHost.startInternal()V+175
J 14884 c1 org.apache.catalina.util.LifecycleBase.start()V (287 bytes) @ 0x0000023201a1be64 [0x0000023201a1b7a0+0x00000000000006c4]
j  org.apache.catalina.core.ContainerBase$StartChild.call()Ljava/lang/Void;+4
j  org.apache.catalina.core.ContainerBase$StartChild.call()Ljava/lang/Object;+1
J 6818 c1 java.util.concurrent.FutureTask.run()V java.base@19.0.1 (123 bytes) @ 0x0000023200fe08bc [0x0000023200fe0720+0x000000000000019c]
j  org.apache.tomcat.util.threads.InlineExecutorService.execute(Ljava/lang/Runnable;)V+38
J 6844 c1 java.util.concurrent.AbstractExecutorService.submit(Ljava/util/concurrent/Callable;)Ljava/util/concurrent/Future; java.base@19.0.1 (25 bytes) @ 0x0000023200fefc5c [0x0000023200fefbe0+0x000000000000007c]
j  org.apache.catalina.core.ContainerBase.startInternal()V+116
j  org.apache.catalina.core.StandardEngine.startInternal()V+38
J 14884 c1 org.apache.catalina.util.LifecycleBase.start()V (287 bytes) @ 0x0000023201a1be64 [0x0000023201a1b7a0+0x00000000000006c4]
j  org.apache.catalina.core.StandardService.startInternal()V+63
J 14884 c1 org.apache.catalina.util.LifecycleBase.start()V (287 bytes) @ 0x0000023201a1be64 [0x0000023201a1b7a0+0x00000000000006c4]
j  org.apache.catalina.core.StandardServer.startInternal()V+92
J 14884 c1 org.apache.catalina.util.LifecycleBase.start()V (287 bytes) @ 0x0000023201a1be64 [0x0000023201a1b7a0+0x00000000000006c4]
j  org.apache.catalina.startup.Tomcat.start()V+9
j  org.springframework.boot.web.embedded.tomcat.TomcatWebServer.initialize()V+64
j  org.springframework.boot.web.embedded.tomcat.TomcatWebServer.<init>(Lorg/apache/catalina/startup/Tomcat;ZLorg/springframework/boot/web/server/Shutdown;)V+66
j  org.springframework.boot.web.embedded.tomcat.TomcatServletWebServerFactory.getTomcatWebServer(Lorg/apache/catalina/startup/Tomcat;)Lorg/springframework/boot/web/embedded/tomcat/TomcatWebServer;+21
j  org.springframework.boot.web.embedded.tomcat.TomcatServletWebServerFactory.getWebServer([Lorg/springframework/boot/web/servlet/ServletContextInitializer;)Lorg/springframework/boot/web/server/WebServer;+212
j  org.springframework.boot.web.servlet.context.ServletWebServerApplicationContext.createWebServer()V+67
j  org.springframework.boot.web.servlet.context.ServletWebServerApplicationContext.onRefresh()V+5
j  org.springframework.context.support.AbstractApplicationContext.refresh()V+77
j  org.springframework.boot.web.servlet.context.ServletWebServerApplicationContext.refresh()V+1
j  org.springframework.boot.SpringApplication.refresh(Lorg/springframework/context/ConfigurableApplicationContext;)V+1
j  org.springframework.boot.SpringApplication.refreshContext(Lorg/springframework/context/ConfigurableApplicationContext;)V+16
j  org.springframework.boot.SpringApplication.run([Ljava/lang/String;)Lorg/springframework/context/ConfigurableApplicationContext;+107
j  org.springframework.boot.SpringApplication.run([Ljava/lang/Class;[Ljava/lang/String;)Lorg/springframework/context/ConfigurableApplicationContext;+9
j  org.springframework.boot.SpringApplication.run(Ljava/lang/Class;[Ljava/lang/String;)Lorg/springframework/context/ConfigurableApplicationContext;+9
j  com.example.demo.PfaProjectApplication.main([Ljava/lang/String;)V+3
j  java.lang.invoke.LambdaForm$DMH+0x0000000801005800.invokeStatic(Ljava/lang/Object;Ljava/lang/Object;)V+10 java.base@19.0.1
j  java.lang.invoke.LambdaForm$MH+0x00000008017b4800.invoke(Ljava/lang/Object;Ljava/lang/Object;Ljava/lang/Object;)Ljava/lang/Object;+33 java.base@19.0.1
J 4576 c1 java.lang.reflect.Method.invoke(Ljava/lang/Object;[Ljava/lang/Object;)Ljava/lang/Object; java.base@19.0.1 (108 bytes) @ 0x0000023200bc6a2c [0x0000023200bc5fc0+0x0000000000000a6c]
j  org.springframework.boot.devtools.restart.RestartLauncher.run()V+47
v  ~StubRoutines::call_stub 0x00000232000010e8

siginfo: EXCEPTION_ACCESS_VIOLATION (0xc0000005), reading address 0xffffffffffffffff


Registers:
RAX=0x04389877d1072ba8, RBX=0x0000000000000001, RCX=0x0000000000000001, RDX=0x000000000002204a
RSP=0x00000088122fe1b0, RBP=0x0000000000000000, RSI=0x00000088122fe560, RDI=0x0000008812bf5ac0
R8 =0x0000000800739cef, R9 =0x000000000e73a000, R10=0x0000008812bf5ac0, R11=0x00000088122fe408
R12=0x000000000e73a000, R13=0x0000000800739cef, R14=0x0000008812bf5ac0, R15=0x0000023217f63100
RIP=0x00007ffe7e7091b0, EFLAGS=0x0000000000010203


Register to memory mapping:

RIP=0x00007ffe7e7091b0 jvm.dll
RAX=0x04389877d1072ba8 is an unknown value
RBX=0x0000000000000001 is an unknown value
RCX=0x0000000000000001 is an unknown value
RDX=0x000000000002204a is an unknown value
RSP=0x00000088122fe1b0 points into unknown readable memory: 0x0000000000000000 | 00 00 00 00 00 00 00 00
RBP=0x0 is NULL
RSI=0x00000088122fe560 points into unknown readable memory: 0x0000008812bf5ab8 | b8 5a bf 12 88 00 00 00
RDI=0x0000008812bf5ac0 is pointing into the stack for thread: 0x0000023217136490
R8 =0x0000000800739cef is pointing into metadata
R9 =0x000000000e73a000 is an unknown value
R10=0x0000008812bf5ac0 is pointing into the stack for thread: 0x0000023217136490
R11=0x00000088122fe408 points into unknown readable memory: 0x00007ffe7e6c822d | 2d 82 6c 7e fe 7f 00 00
R12=0x000000000e73a000 is an unknown value
R13=0x0000000800739cef is pointing into metadata
R14=0x0000008812bf5ac0 is pointing into the stack for thread: 0x0000023217136490
R15=0x0000023217f63100 points into unknown readable memory: 0x00007ffe7ed460b0 | b0 60 d4 7e fe 7f 00 00


Top of Stack: (sp=0x00000088122fe1b0)
0x00000088122fe1b0:   0000000000000000 0000000000000004
0x00000088122fe1c0:   0000000000000175 00007ffe7ea8db13
0x00000088122fe1d0:   0000000000000175 0000023216f5f960
0x00000088122fe1e0:   0000008812bf5ac0 04389877d1072ba8
0x00000088122fe1f0:   0000000000000000 00000088122fe258
0x00000088122fe200:   00000088131ff168 0000023216f58a10
0x00000088122fe210:   0000000000000001 00000000000003d8
0x00000088122fe220:   0000000000000000 000002321769d218
0x00000088122fe230:   00000088122fe560 00000088122fe380
0x00000088122fe240:   0000008812bf5ac0 00007ffe7e71be08
0x00000088122fe250:   00000088122f002b 00000088122f0100
0x00000088122fe260:   0000000800470090 0000000000000000
0x00000088122fe270:   000002321769d218 00007ffe7e6c87ed
0x00000088122fe280:   0000000000000003 0000000000000003
0x00000088122fe290:   000002321769d218 00000088122fe560
0x00000088122fe2a0:   0000000f00ff0f01 00000008000da100 

Instructions: (pc=0x00007ffe7e7091b0)
0x00007ffe7e7090b0:   41 5f 41 5d 41 5c 5f 5e c3 cc cc cc cc cc cc cc
0x00007ffe7e7090c0:   e9 0b 00 00 00 cc cc cc cc cc cc cc cc cc cc cc
0x00007ffe7e7090d0:   40 53 55 56 57 41 54 41 55 41 56 41 57 48 83 ec
0x00007ffe7e7090e0:   58 80 3d 5f f1 87 00 00 49 8b f9 4d 8b f0 0f b7
0x00007ffe7e7090f0:   da 4c 8b f9 74 16 45 8b 68 08 8b 0d 80 b7 7f 00
0x00007ffe7e709100:   49 d3 e5 4c 03 2d 6e b7 7f 00 eb 04 4d 8b 68 08
0x00007ffe7e709110:   49 8b d5 49 8b ce e8 b5 f7 de ff 4c 8b e0 48 89
0x00007ffe7e709120:   7c 24 30 33 c0 8b e8 0f b7 c3 66 c1 e8 08 66 89
0x00007ffe7e709130:   84 24 a0 00 00 00 84 c0 75 3c 40 0f b6 cf f6 d1
0x00007ffe7e709140:   f6 c1 01 75 05 48 8b ef eb 12 48 8d 54 24 40 48
0x00007ffe7e709150:   8d 4c 24 30 e8 87 ff 31 00 48 8b 28 48 c1 ed 03
0x00007ffe7e709160:   83 e5 0f 41 3b af 78 01 00 00 73 0a 66 89 9c 24
0x00007ffe7e709170:   a8 00 00 00 eb 12 66 c7 84 24 a8 00 00 00 00 01
0x00007ffe7e709180:   0f b7 9c 24 a8 00 00 00 49 8b 47 08 49 8b d6 66
0x00007ffe7e709190:   c1 eb 08 8b 88 48 02 00 00 48 8b 80 38 02 00 00
0x00007ffe7e7091a0:   48 d3 ea 48 0f be cb 48 8b 04 d0 48 89 44 24 38
0x00007ffe7e7091b0:   44 8b 80 a8 00 00 00 49 8b 47 70 44 89 84 24 b0
0x00007ffe7e7091c0:   00 00 00 48 8b 54 c8 10 84 db 75 04 4a 8d 14 c2
0x00007ffe7e7091d0:   48 8b 0a 4a 8d 1c e5 00 00 00 00 48 89 9c 24 b8
0x00007ffe7e7091e0:   00 00 00 48 8b 71 30 48 8b 41 38 48 2b c6 48 c1
0x00007ffe7e7091f0:   e8 03 49 3b c4 72 0d 48 8d 04 33 48 89 41 30 48
0x00007ffe7e709200:   85 f6 75 3d 44 89 44 24 28 48 8d 94 24 a8 00 00
0x00007ffe7e709210:   00 4d 8b c6 89 6c 24 20 4d 8b cc 49 8b cf e8 5d
0x00007ffe7e709220:   fc ff ff 48 8b f0 48 85 c0 75 16 4d 8b cc 4c 8b
0x00007ffe7e709230:   c7 49 8b d6 49 8b cf e8 44 07 00 00 e9 62 03 00
0x00007ffe7e709240:   00 48 8d 0d b8 6d ca ff 49 83 fc 08 77 4d 42 8b
0x00007ffe7e709250:   84 a1 b4 95 35 00 48 03 c1 ff e0 49 8b 46 38 48
0x00007ffe7e709260:   89 46 38 49 8b 46 30 48 89 46 30 49 8b 46 28 48
0x00007ffe7e709270:   89 46 28 49 8b 46 20 48 89 46 20 49 8b 46 18 48
0x00007ffe7e709280:   89 46 18 49 8b 46 10 48 89 46 10 49 8b 46 08 48
0x00007ffe7e709290:   89 46 08 49 8b 06 48 89 06 eb 0e 4c 8b c3 49 8b
0x00007ffe7e7092a0:   d6 48 8b ce e8 b7 bd 55 00 48 8b ce 48 8b c7 48 


Stack slot to memory mapping:
stack at sp + 0 slots: 0x0 is NULL
stack at sp + 1 slots: 0x0000000000000004 is an unknown value
stack at sp + 2 slots: 0x0000000000000175 is an unknown value
stack at sp + 3 slots: 0x00007ffe7ea8db13 jvm.dll
stack at sp + 4 slots: 0x0000000000000175 is an unknown value
stack at sp + 5 slots: 0x0000023216f5f960 points into unknown readable memory: 0x0000023216fee640 | 40 e6 fe 16 32 02 00 00
stack at sp + 6 slots: 0x0000008812bf5ac0 is pointing into the stack for thread: 0x0000023217136490
stack at sp + 7 slots: 0x04389877d1072ba8 is an unknown value


---------------  P R O C E S S  ---------------

Threads class SMR info:
_java_thread_list=0x0000023216507c70, length=27, elements={
0x000002321640ef90, 0x000002321640fe70, 0x0000023216412130, 0x0000023216414f60,
0x00000232164163a0, 0x0000023216417b00, 0x000002321642cff0, 0x0000023216433da0,
0x000002327f9fddf0, 0x0000023216593dd0, 0x00000232165b2eb0, 0x00000232165b3810,
0x0000023216e18ce0, 0x0000023216f6f090, 0x0000023216fa8440, 0x000002321701c330,
0x000002321770a7c0, 0x000002321775f320, 0x000002321775fdc0, 0x0000023219313270,
0x00000232195be6d0, 0x0000023217138470, 0x00000232195c2be0, 0x00000232195c3bd0,
0x00000232171389c0, 0x0000023217136490, 0x0000023217138f10
}

Java Threads: ( => current thread )
  0x000002321640ef90 JavaThread "Reference Handler" daemon [_thread_blocked, id=20668, stack(0x0000008810e00000,0x0000008810f00000)]
  0x000002321640fe70 JavaThread "Finalizer" daemon [_thread_blocked, id=19592, stack(0x0000008810f00000,0x0000008811000000)]
  0x0000023216412130 JavaThread "Signal Dispatcher" daemon [_thread_blocked, id=27096, stack(0x0000008811000000,0x0000008811100000)]
  0x0000023216414f60 JavaThread "Attach Listener" daemon [_thread_blocked, id=2792, stack(0x0000008811100000,0x0000008811200000)]
  0x00000232164163a0 JavaThread "Service Thread" daemon [_thread_blocked, id=17856, stack(0x0000008811200000,0x0000008811300000)]
  0x0000023216417b00 JavaThread "Monitor Deflation Thread" daemon [_thread_blocked, id=10344, stack(0x0000008811300000,0x0000008811400000)]
  0x000002321642cff0 JavaThread "C1 CompilerThread0" daemon [_thread_blocked, id=30276, stack(0x0000008811400000,0x0000008811500000)]
  0x0000023216433da0 JavaThread "Sweeper thread" daemon [_thread_blocked, id=1400, stack(0x0000008811500000,0x0000008811600000)]
  0x000002327f9fddf0 JavaThread "Common-Cleaner" daemon [_thread_blocked, id=2968, stack(0x0000008811700000,0x0000008811800000)]
  0x0000023216593dd0 JavaThread "JDWP Transport Listener: dt_socket" daemon [_thread_blocked, id=10672, stack(0x0000008811a00000,0x0000008811b00000)]
  0x00000232165b2eb0 JavaThread "JDWP Event Helper Thread" daemon [_thread_blocked, id=29176, stack(0x0000008811b00000,0x0000008811c00000)]
  0x00000232165b3810 JavaThread "JDWP Command Reader" daemon [_thread_in_native, id=1928, stack(0x0000008811c00000,0x0000008811d00000)]
  0x0000023216e18ce0 JavaThread "Notification Thread" daemon [_thread_blocked, id=8240, stack(0x0000008811d00000,0x0000008811e00000)]
  0x0000023216f6f090 JavaThread "RMI TCP Accept-0" daemon [_thread_in_native, id=5504, stack(0x0000008811e00000,0x0000008811f00000)]
  0x0000023216fa8440 JavaThread "RMI TCP Accept-52426" daemon [_thread_in_native, id=18320, stack(0x0000008811f00000,0x0000008812000000)]
  0x000002321701c330 JavaThread "RMI TCP Accept-0" daemon [_thread_in_native, id=30304, stack(0x0000008812800000,0x0000008812900000)]
  0x000002321770a7c0 JavaThread "RMI Scheduler(0)" daemon [_thread_blocked, id=16416, stack(0x0000008813100000,0x0000008813200000)]
  0x000002321775f320 JavaThread "JMX server connection timeout 52" daemon [_thread_blocked, id=10532, stack(0x0000008813300000,0x0000008813400000)]
  0x000002321775fdc0 JavaThread "mysql-cj-abandoned-connection-cleanup" daemon [_thread_blocked, id=34576, stack(0x0000008813800000,0x0000008813900000)]
  0x0000023219313270 JavaThread "Live Reload Server" daemon [_thread_in_native, id=4496, stack(0x0000008814100000,0x0000008814200000)]
  0x00000232195be6d0 JavaThread "DestroyJavaVM" [_thread_blocked, id=37556, stack(0x0000008810700000,0x0000008810800000)]
  0x0000023217138470 JavaThread "RMI TCP Connection(131)-127.0.0.1" daemon [_thread_in_native, id=31604, stack(0x0000008814700000,0x0000008814800000)]
  0x00000232195c2be0 JavaThread "File Watcher" daemon [_thread_blocked, id=32748, stack(0x0000008811800000,0x0000008811900000)]
  0x00000232195c3bd0 JavaThread "File Watcher" daemon [_thread_blocked, id=14940, stack(0x0000008812a00000,0x0000008812b00000)]
  0x00000232171389c0 JavaThread "Thread-37" [_thread_blocked, id=20172, stack(0x0000008811600000,0x0000008811700000)]
  0x0000023217136490 JavaThread "restartedMain" [_thread_blocked, id=4620, stack(0x0000008812b00000,0x0000008812c00000)]
  0x0000023217138f10 JavaThread "HikariPool-11 housekeeper" daemon [_thread_blocked, id=4716, stack(0x0000008811900000,0x0000008811a00000)]

Other Threads:
  0x000002327fa11fe0 VMThread "VM Thread" [stack: 0x0000008810d00000,0x0000008810e00000] [id=19948]
  0x0000023217010a50 WatcherThread "VM Periodic Task Thread" [stack: 0x0000008812900000,0x0000008812a00000] [id=5288]
  0x000002327f820080 WorkerThread "GC Thread#0" [stack: 0x0000008810800000,0x0000008810900000] [id=23952]
  0x0000023216fbffb0 WorkerThread "GC Thread#1" [stack: 0x0000008812000000,0x0000008812100000] [id=30328]
  0x0000023216fc0af0 WorkerThread "GC Thread#2" [stack: 0x0000008812100000,0x0000008812200000] [id=19952]
=>0x0000023216fbfa10 WorkerThread "GC Thread#3" [stack: 0x0000008812200000,0x0000008812300000] [id=12964]
  0x0000023216fbf470 WorkerThread "GC Thread#4" [stack: 0x0000008812300000,0x0000008812400000] [id=38664]
  0x0000023216fbeed0 WorkerThread "GC Thread#5" [stack: 0x0000008812400000,0x0000008812500000] [id=19936]
  0x0000023216fbfce0 WorkerThread "GC Thread#6" [stack: 0x0000008812500000,0x0000008812600000] [id=29920]
  0x0000023216fc0280 WorkerThread "GC Thread#7" [stack: 0x0000008812600000,0x0000008812700000] [id=24136]
  0x0000023216fbf740 WorkerThread "GC Thread#8" [stack: 0x0000008812700000,0x0000008812800000] [id=28092]
  0x0000023216fbf1a0 WorkerThread "GC Thread#9" [stack: 0x0000008812c00000,0x0000008812d00000] [id=6548]
  0x00000232176fea70 WorkerThread "GC Thread#10" [stack: 0x0000008812d00000,0x0000008812e00000] [id=5332]
  0x00000232176ff880 WorkerThread "GC Thread#11" [stack: 0x0000008812e00000,0x0000008812f00000] [id=8288]
  0x00000232176ffb50 WorkerThread "GC Thread#12" [stack: 0x0000008812f00000,0x0000008813000000] [id=34408]
  0x000002327f82cbb0 ConcurrentGCThread "G1 Main Marker" [stack: 0x0000008810900000,0x0000008810a00000] [id=31576]
  0x000002327f82e440 WorkerThread "G1 Conc#0" [stack: 0x0000008810a00000,0x0000008810b00000] [id=34348]
  0x0000023217700c30 WorkerThread "G1 Conc#1" [stack: 0x0000008813600000,0x0000008813700000] [id=31172]
  0x0000023217701770 WorkerThread "G1 Conc#2" [stack: 0x0000008813700000,0x0000008813800000] [id=11808]
  0x000002327f8ca1e0 ConcurrentGCThread "G1 Refine#0" [stack: 0x0000008810b00000,0x0000008810c00000] [id=13684]
  0x000002327f8cad20 ConcurrentGCThread "G1 Service" [stack: 0x0000008810c00000,0x0000008810d00000] [id=34732]

Threads with active compile tasks:

VM state: at safepoint (normal execution)

VM Mutex/Monitor currently owned by a thread:  ([mutex/lock_event])
[0x0000023275a2eb10] Threads_lock - owner thread: 0x000002327fa11fe0
[0x0000023275a2ede0] Heap_lock - owner thread: 0x00000232195c2be0

OutOfMemory and StackOverflow Exception counts:
StackOverflowErrors=7
LinkageErrors=206

Heap address: 0x0000000684800000, size: 6072 MB, Compressed Oops mode: Zero based, Oop shift amount: 3

CDS archive(s) mapped at: [0x0000000800000000-0x0000000800c40000-0x0000000800c40000), size 12845056, SharedBaseAddress: 0x0000000800000000, ArchiveRelocationMode: 0.
Compressed class space mapped at: 0x0000000801000000-0x0000000841000000, reserved size: 1073741824
Narrow klass base: 0x0000000800000000, Narrow klass shift: 0, Narrow klass range: 0x100000000

GC Precious Log:
 CardTable entry size: 512
 Card Set container configuration: InlinePtr #cards 4 size 8 Array Of Cards #cards 32 size 80 Howl #buckets 8 coarsen threshold 7372 Howl Bitmap #cards 1024 size 144 coarsen threshold 921 Card regions per heap region 1 cards per card region 8192
 CPUs: 16 total, 16 available
 Memory: 24277M
 Large Page Support: Disabled
 NUMA Support: Disabled
 Compressed Oops: Enabled (Zero based)
 Heap Region Size: 4M
 Heap Min Capacity: 8M
 Heap Initial Capacity: 380M
 Heap Max Capacity: 6072M
 Pre-touch: Disabled
 Parallel Workers: 13
 Concurrent Workers: 3
 Concurrent Refinement Workers: 13
 Periodic GC: Disabled

Heap:
 garbage-first heap   total 122880K, used 81304K [0x0000000684800000, 0x0000000800000000)
  region size 4096K, 13 young (53248K), 1 survivors (4096K)
 Metaspace       used 72966K, committed 73664K, reserved 1114112K
  class space    used 9512K, committed 9856K, reserved 1048576K

Heap Regions: E=young(eden), S=young(survivor), O=old, HS=humongous(starts), HC=humongous(continues), CS=collection set, F=free, OA=open archive, CA=closed archive, TAMS=top-at-mark-start (previous, next)
|   0|0x0000000684800000, 0x0000000684bd0618, 0x0000000684c00000| 95%| O|  |TAMS 0x0000000684bd0618, 0x0000000684800000| Untracked 
|   1|0x0000000684c00000, 0x0000000684fffb60, 0x0000000685000000| 99%| O|  |TAMS 0x0000000684fffb60, 0x0000000684c00000| Untracked 
|   2|0x0000000685000000, 0x0000000685400000, 0x0000000685400000|100%| O|  |TAMS 0x0000000685400000, 0x0000000685000000| Untracked 
|   3|0x0000000685400000, 0x00000006856f6bd8, 0x0000000685800000| 74%| O|  |TAMS 0x00000006856f6bd8, 0x0000000685400000| Untracked 
|   4|0x0000000685800000, 0x0000000685bffe10, 0x0000000685c00000| 99%| O|  |TAMS 0x0000000685bffe10, 0x0000000685800000| Untracked 
|   5|0x0000000685c00000, 0x0000000685fffff0, 0x0000000686000000| 99%| O|  |TAMS 0x0000000685fffff0, 0x0000000685c00000| Untracked 
|   6|0x0000000686000000, 0x0000000686249cf8, 0x0000000686400000| 57%| O|  |TAMS 0x0000000686249cf8, 0x0000000686000000| Untracked 
|   7|0x0000000686400000, 0x0000000686557608, 0x0000000686800000| 33%| O|  |TAMS 0x0000000686557608, 0x0000000686400000| Untracked 
|   8|0x0000000686800000, 0x0000000686ba9e58, 0x0000000686c00000| 91%| O|  |TAMS 0x0000000686800000, 0x0000000686800000| Untracked 
|   9|0x0000000686c00000, 0x0000000686cb1a98, 0x0000000687000000| 17%| O|  |TAMS 0x0000000686cb1a98, 0x0000000686c00000| Complete 
|  10|0x0000000687000000, 0x0000000687000000, 0x0000000687400000|  0%| F|  |TAMS 0x0000000687000000, 0x0000000687000000| Untracked 
|  11|0x0000000687400000, 0x0000000687400000, 0x0000000687800000|  0%| F|  |TAMS 0x0000000687400000, 0x0000000687400000| Untracked 
|  12|0x0000000687800000, 0x0000000687800000, 0x0000000687c00000|  0%| F|  |TAMS 0x0000000687800000, 0x0000000687800000| Untracked 
|  13|0x0000000687c00000, 0x0000000687c00000, 0x0000000688000000|  0%| F|  |TAMS 0x0000000687c00000, 0x0000000687c00000| Untracked 
|  14|0x0000000688000000, 0x000000068804ca18, 0x0000000688400000|  7%| E|CS|TAMS 0x0000000688000000, 0x0000000688000000| Complete 
|  15|0x0000000688400000, 0x0000000688800000, 0x0000000688800000|100%| E|CS|TAMS 0x0000000688400000, 0x0000000688400000| Complete 
|  16|0x0000000688800000, 0x0000000688800000, 0x0000000688c00000|  0%| F|  |TAMS 0x0000000688800000, 0x0000000688800000| Untracked 
|  17|0x0000000688c00000, 0x0000000688ca2ba0, 0x0000000689000000| 15%| S|  |TAMS 0x0000000688c00000, 0x0000000688c00000| Complete 
|  18|0x0000000689000000, 0x0000000689400000, 0x0000000689400000|100%| E|CS|TAMS 0x0000000689000000, 0x0000000689000000| Complete 
|  19|0x0000000689400000, 0x0000000689800000, 0x0000000689800000|100%| E|CS|TAMS 0x0000000689400000, 0x0000000689400000| Complete 
|  20|0x0000000689800000, 0x0000000689c00000, 0x0000000689c00000|100%| E|CS|TAMS 0x0000000689800000, 0x0000000689800000| Complete 
|  21|0x0000000689c00000, 0x000000068a000000, 0x000000068a000000|100%| E|CS|TAMS 0x0000000689c00000, 0x0000000689c00000| Complete 
|  22|0x000000068a000000, 0x000000068a400000, 0x000000068a400000|100%| E|CS|TAMS 0x000000068a000000, 0x000000068a000000| Complete 
|  23|0x000000068a400000, 0x000000068a800000, 0x000000068a800000|100%| E|CS|TAMS 0x000000068a400000, 0x000000068a400000| Complete 
|  24|0x000000068a800000, 0x000000068ac00000, 0x000000068ac00000|100%| E|CS|TAMS 0x000000068a800000, 0x000000068a800000| Complete 
|  25|0x000000068ac00000, 0x000000068b000000, 0x000000068b000000|100%| E|CS|TAMS 0x000000068ac00000, 0x000000068ac00000| Complete 
|  26|0x000000068b000000, 0x000000068b400000, 0x000000068b400000|100%| E|CS|TAMS 0x000000068b000000, 0x000000068b000000| Complete 
|  27|0x000000068b400000, 0x000000068b800000, 0x000000068b800000|100%| E|CS|TAMS 0x000000068b400000, 0x000000068b400000| Complete 
|  28|0x000000068b800000, 0x000000068bc00000, 0x000000068bc00000|100%| E|CS|TAMS 0x000000068b800000, 0x000000068b800000| Complete 
|  29|0x000000068bc00000, 0x000000068c000000, 0x000000068c000000|100%| E|CS|TAMS 0x000000068bc00000, 0x000000068bc00000| Complete 

Card table byte_map: [0x000002327eba0000,0x000002327f780000] _byte_map_base: 0x000002327b77c000

Marking Bits (Prev, Next): (CMBitMap*) 0x000002327f820500, (CMBitMap*) 0x000002327f8204c0
 Prev Bits: [0x0000023209ac0000, 0x000002320f9a0000)
 Next Bits: [0x0000023203be0000, 0x0000023209ac0000)

Polling page: 0x00000232751c0000

Metaspace:

Usage:
  Non-class:     61.97 MB used.
      Class:      9.29 MB used.
       Both:     71.26 MB used.

Virtual space:
  Non-class space:       64.00 MB reserved,      62.31 MB ( 97%) committed,  1 nodes.
      Class space:        1.00 GB reserved,       9.62 MB ( <1%) committed,  1 nodes.
             Both:        1.06 GB reserved,      71.94 MB (  7%) committed. 

Chunk freelists:
   Non-Class:  1.73 MB
       Class:  2.33 MB
        Both:  4.06 MB

MaxMetaspaceSize: unlimited
CompressedClassSpaceSize: 1.00 GB
Initial GC threshold: 21.00 MB
Current GC threshold: 119.94 MB
CDS: on
MetaspaceReclaimPolicy: balanced
 - commit_granule_bytes: 65536.
 - commit_granule_words: 8192.
 - virtual_space_node_default_size: 8388608.
 - enlarge_chunks_in_place: 1.
 - new_chunks_are_fully_committed: 0.
 - uncommit_free_chunks: 1.
 - use_allocation_guard: 0.


Internal statistics:

num_allocs_failed_limit: 9.
num_arena_births: 1880.
num_arena_deaths: 1110.
num_vsnodes_births: 2.
num_vsnodes_deaths: 0.
num_space_committed: 1159.
num_space_uncommitted: 6.
num_chunks_returned_to_freelist: 1323.
num_chunks_taken_from_freelist: 5173.
num_chunk_merges: 299.
num_chunk_splits: 3113.
num_chunks_enlarged: 2391.
num_inconsistent_stats: 0.

CodeCache: size=49152Kb used=28357Kb max_used=29831Kb free=20794Kb
 bounds [0x0000023200000000, 0x0000023201d30000, 0x0000023203000000]
 total_blobs=15577 nmethods=14904 adapters=597
 compilation: enabled
              stopped_count=0, restarted_count=0
 full_count=0

Compilation events (20 events):
Event: 5401.105 Thread 0x000002321642cff0 15072       1       java.net.SocketImpl::getInetAddress (5 bytes)
Event: 5401.105 Thread 0x000002321642cff0 nmethod 15072 0x0000023201b26910 code [0x0000023201b26aa0, 0x0000023201b26b78]
Event: 5401.105 Thread 0x000002321642cff0 15073       1       java.io.InputStream::markSupported (2 bytes)
Event: 5401.105 Thread 0x000002321642cff0 nmethod 15073 0x0000023201b26610 code [0x0000023201b267a0, 0x0000023201b26878]
Event: 5401.105 Thread 0x000002321642cff0 15074       1       java.net.SocketImpl::getPort (5 bytes)
Event: 5401.105 Thread 0x000002321642cff0 nmethod 15074 0x0000023201b26310 code [0x0000023201b264a0, 0x0000023201b26558]
Event: 5401.106 Thread 0x000002321642cff0 15075       1       java.net.Socket::isBound (5 bytes)
Event: 5401.106 Thread 0x000002321642cff0 nmethod 15075 0x0000023201b26010 code [0x0000023201b261a0, 0x0000023201b26278]
Event: 5401.106 Thread 0x000002321642cff0 15076       1       sun.rmi.transport.tcp.TCPEndpoint::getClientSocketFactory (5 bytes)
Event: 5401.106 Thread 0x000002321642cff0 nmethod 15076 0x0000023201b25d10 code [0x0000023201b25ea0, 0x0000023201b25f78]
Event: 5401.106 Thread 0x000002321642cff0 15077       1       sun.rmi.transport.tcp.TCPEndpoint::getServerSocketFactory (5 bytes)
Event: 5401.106 Thread 0x000002321642cff0 nmethod 15077 0x0000023201b25a10 code [0x0000023201b25ba0, 0x0000023201b25c78]
Event: 5416.107 Thread 0x000002321642cff0 15079   !   1       java.util.concurrent.SynchronousQueue$TransferStack::transfer (541 bytes)
Event: 5416.121 Thread 0x000002321642cff0 nmethod 15079 0x0000023201b1eb10 code [0x0000023201b1f3a0, 0x0000023201b23588]
Event: 5461.111 Thread 0x000002321642cff0 15080       1       java.net.Socket::<init> (56 bytes)
Event: 5461.111 Thread 0x000002321642cff0 nmethod 15080 0x0000023201b1e690 code [0x0000023201b1e840, 0x0000023201b1ea58]
Event: 5461.111 Thread 0x000002321642cff0 15081       1       java.net.Socket::checkPermission (23 bytes)
Event: 5461.111 Thread 0x000002321642cff0 nmethod 15081 0x0000023201b1e390 code [0x0000023201b1e520, 0x0000023201b1e5f8]
Event: 5521.114 Thread 0x000002321642cff0 15082       1       java.io.DataInputStream::readByte (23 bytes)
Event: 5521.115 Thread 0x000002321642cff0 nmethod 15082 0x0000023201b1df10 code [0x0000023201b1e0c0, 0x0000023201b1e278]

GC Heap History (20 events):
Event: 5202.170 GC heap after
{Heap after GC invocations=99 (full 7):
 garbage-first heap   total 122880K, used 27888K [0x0000000684800000, 0x0000000800000000)
  region size 4096K, 0 young (0K), 0 survivors (0K)
 Metaspace       used 71754K, committed 72448K, reserved 1114112K
  class space    used 9393K, committed 9728K, reserved 1048576K
}
Event: 5202.819 GC heap before
{Heap before GC invocations=99 (full 7):
 garbage-first heap   total 122880K, used 81136K [0x0000000684800000, 0x0000000800000000)
  region size 4096K, 13 young (53248K), 0 survivors (0K)
 Metaspace       used 72039K, committed 72704K, reserved 1114112K
  class space    used 9429K, committed 9792K, reserved 1048576K
}
Event: 5202.822 GC heap after
{Heap after GC invocations=100 (full 7):
 garbage-first heap   total 122880K, used 31705K [0x0000000684800000, 0x0000000800000000)
  region size 4096K, 1 young (4096K), 1 survivors (4096K)
 Metaspace       used 72039K, committed 72704K, reserved 1114112K
  class space    used 9429K, committed 9792K, reserved 1048576K
}
Event: 5203.300 GC heap before
{Heap before GC invocations=101 (full 7):
 garbage-first heap   total 122880K, used 80857K [0x0000000684800000, 0x0000000800000000)
  region size 4096K, 13 young (53248K), 1 survivors (4096K)
 Metaspace       used 72497K, committed 73152K, reserved 1114112K
  class space    used 9464K, committed 9792K, reserved 1048576K
}
Event: 5203.302 GC heap after
{Heap after GC invocations=102 (full 7):
 garbage-first heap   total 122880K, used 34077K [0x0000000684800000, 0x0000000800000000)
  region size 4096K, 2 young (8192K), 2 survivors (8192K)
 Metaspace       used 72497K, committed 73152K, reserved 1114112K
  class space    used 9464K, committed 9792K, reserved 1048576K
}
Event: 5203.316 GC heap before
{Heap before GC invocations=102 (full 7):
 garbage-first heap   total 122880K, used 38173K [0x0000000684800000, 0x0000000800000000)
  region size 4096K, 3 young (12288K), 2 survivors (8192K)
 Metaspace       used 72525K, committed 73152K, reserved 1114112K
  class space    used 9466K, committed 9792K, reserved 1048576K
}
Event: 5203.319 GC heap after
{Heap after GC invocations=103 (full 7):
 garbage-first heap   total 122880K, used 34722K [0x0000000684800000, 0x0000000800000000)
  region size 4096K, 1 young (4096K), 1 survivors (4096K)
 Metaspace       used 72525K, committed 73152K, reserved 1114112K
  class space    used 9466K, committed 9792K, reserved 1048576K
}
Event: 5203.463 GC heap before
{Heap before GC invocations=103 (full 7):
 garbage-first heap   total 122880K, used 83874K [0x0000000684800000, 0x0000000800000000)
  region size 4096K, 13 young (53248K), 1 survivors (4096K)
 Metaspace       used 72569K, committed 73216K, reserved 1114112K
  class space    used 9469K, committed 9792K, reserved 1048576K
}
Event: 5203.466 GC heap after
{Heap after GC invocations=104 (full 7):
 garbage-first heap   total 122880K, used 41017K [0x0000000684800000, 0x0000000800000000)
  region size 4096K, 2 young (8192K), 2 survivors (8192K)
 Metaspace       used 72569K, committed 73216K, reserved 1114112K
  class space    used 9469K, committed 9792K, reserved 1048576K
}
Event: 5203.533 GC heap before
{Heap before GC invocations=105 (full 7):
 garbage-first heap   total 122880K, used 81977K [0x0000000684800000, 0x0000000800000000)
  region size 4096K, 13 young (53248K), 2 survivors (8192K)
 Metaspace       used 72499K, committed 73216K, reserved 1114112K
  class space    used 9456K, committed 9792K, reserved 1048576K
}
Event: 5203.537 GC heap after
{Heap after GC invocations=106 (full 7):
 garbage-first heap   total 122880K, used 44075K [0x0000000684800000, 0x0000000800000000)
  region size 4096K, 2 young (8192K), 2 survivors (8192K)
 Metaspace       used 72499K, committed 73216K, reserved 1114112K
  class space    used 9456K, committed 9792K, reserved 1048576K
}
Event: 5203.556 GC heap before
{Heap before GC invocations=106 (full 7):
 garbage-first heap   total 122880K, used 48171K [0x0000000684800000, 0x0000000800000000)
  region size 4096K, 3 young (12288K), 2 survivors (8192K)
 Metaspace       used 72499K, committed 73216K, reserved 1114112K
  class space    used 9456K, committed 9792K, reserved 1048576K
}
Event: 5203.561 GC heap after
{Heap after GC invocations=107 (full 7):
 garbage-first heap   total 122880K, used 40215K [0x0000000684800000, 0x0000000800000000)
  region size 4096K, 1 young (4096K), 1 survivors (4096K)
 Metaspace       used 72499K, committed 73216K, reserved 1114112K
  class space    used 9456K, committed 9792K, reserved 1048576K
}
Event: 5204.256 GC heap before
{Heap before GC invocations=107 (full 7):
 garbage-first heap   total 122880K, used 85271K [0x0000000684800000, 0x0000000800000000)
  region size 4096K, 12 young (49152K), 1 survivors (4096K)
 Metaspace       used 72702K, committed 73408K, reserved 1114112K
  class space    used 9477K, committed 9856K, reserved 1048576K
}
Event: 5204.258 GC heap after
{Heap after GC invocations=108 (full 7):
 garbage-first heap   total 249856K, used 39728K [0x0000000684800000, 0x0000000800000000)
  region size 4096K, 1 young (4096K), 1 survivors (4096K)
 Metaspace       used 72702K, committed 73408K, reserved 1114112K
  class space    used 9477K, committed 9856K, reserved 1048576K
}
Event: 5262.218 GC heap before
{Heap before GC invocations=109 (full 7):
 garbage-first heap   total 163840K, used 56112K [0x0000000684800000, 0x0000000800000000)
  region size 4096K, 6 young (24576K), 1 survivors (4096K)
 Metaspace       used 72697K, committed 73408K, reserved 1114112K
  class space    used 9476K, committed 9856K, reserved 1048576K
}
Event: 5262.256 GC heap after
{Heap after GC invocations=110 (full 8):
 garbage-first heap   total 122880K, used 27750K [0x0000000684800000, 0x0000000800000000)
  region size 4096K, 0 young (0K), 0 survivors (0K)
 Metaspace       used 72676K, committed 73408K, reserved 1114112K
  class space    used 9472K, committed 9856K, reserved 1048576K
}
Event: 5281.092 GC heap before
{Heap before GC invocations=110 (full 8):
 garbage-first heap   total 122880K, used 80998K [0x0000000684800000, 0x0000000800000000)
  region size 4096K, 14 young (57344K), 0 survivors (0K)
 Metaspace       used 72965K, committed 73664K, reserved 1114112K
  class space    used 9511K, committed 9856K, reserved 1048576K
}
Event: 5281.094 GC heap after
{Heap after GC invocations=111 (full 8):
 garbage-first heap   total 122880K, used 32152K [0x0000000684800000, 0x0000000800000000)
  region size 4096K, 2 young (8192K), 2 survivors (8192K)
 Metaspace       used 72965K, committed 73664K, reserved 1114112K
  class space    used 9511K, committed 9856K, reserved 1048576K
}
Event: 5526.627 GC heap before
{Heap before GC invocations=112 (full 8):
 garbage-first heap   total 122880K, used 81304K [0x0000000684800000, 0x0000000800000000)
  region size 4096K, 14 young (57344K), 2 survivors (8192K)
 Metaspace       used 72966K, committed 73664K, reserved 1114112K
  class space    used 9512K, committed 9856K, reserved 1048576K
}

Dll operation events (13 events):
Event: 0.006 Loaded shared library C:\Program Files\Java\jdk-19\bin\java.dll
Event: 0.014 Loaded shared library C:\Program Files\Java\jdk-19\bin\jsvml.dll
Event: 0.096 Loaded shared library C:\Program Files\Java\jdk-19\bin\zip.dll
Event: 0.098 Loaded shared library C:\Program Files\Java\jdk-19\bin\instrument.dll
Event: 0.101 Loaded shared library C:\Program Files\Java\jdk-19\bin\net.dll
Event: 0.102 Loaded shared library C:\Program Files\Java\jdk-19\bin\nio.dll
Event: 0.103 Loaded shared library C:\Program Files\Java\jdk-19\bin\zip.dll
Event: 0.168 Loaded shared library C:\Program Files\Java\jdk-19\bin\jimage.dll
Event: 0.194 Loaded shared library C:\Program Files\Java\jdk-19\bin\management.dll
Event: 0.200 Loaded shared library C:\Program Files\Java\jdk-19\bin\management_ext.dll
Event: 0.333 Loaded shared library C:\Program Files\Java\jdk-19\bin\extnet.dll
Event: 0.349 Loaded shared library C:\Program Files\Java\jdk-19\bin\verify.dll
Event: 1.735 Loaded shared library C:\Program Files\Java\jdk-19\bin\sunmscapi.dll

Deoptimization events (20 events):
Event: 5262.562 Thread 0x0000023217136490 DEOPT PACKING pc=0x00000232008caa34 sp=0x0000008812bf4c10
Event: 5262.562 Thread 0x0000023217136490 DEOPT UNPACKING pc=0x000002320006b0e3 sp=0x0000008812bf4148 mode 1
Event: 5262.562 Thread 0x0000023217136490 DEOPT PACKING pc=0x00000232008cb9b4 sp=0x0000008812bf4d00
Event: 5262.562 Thread 0x0000023217136490 DEOPT UNPACKING pc=0x000002320006b0e3 sp=0x0000008812bf42a8 mode 1
Event: 5262.562 Thread 0x0000023217136490 DEOPT PACKING pc=0x00000232008cdbac sp=0x0000008812bf4e60
Event: 5262.562 Thread 0x0000023217136490 DEOPT UNPACKING pc=0x000002320006b0e3 sp=0x0000008812bf4410 mode 1
Event: 5262.566 Thread 0x0000023217136490 DEOPT PACKING pc=0x00000232008caa34 sp=0x0000008812bf30a0
Event: 5262.566 Thread 0x0000023217136490 DEOPT UNPACKING pc=0x000002320006b0e3 sp=0x0000008812bf25d8 mode 1
Event: 5262.566 Thread 0x0000023217136490 DEOPT PACKING pc=0x00000232008cb9b4 sp=0x0000008812bf3190
Event: 5262.566 Thread 0x0000023217136490 DEOPT UNPACKING pc=0x000002320006b0e3 sp=0x0000008812bf2738 mode 1
Event: 5262.566 Thread 0x0000023217136490 DEOPT PACKING pc=0x00000232008cdbac sp=0x0000008812bf32f0
Event: 5262.566 Thread 0x0000023217136490 DEOPT UNPACKING pc=0x000002320006b0e3 sp=0x0000008812bf28a0 mode 1
Event: 5262.566 Thread 0x0000023217136490 DEOPT PACKING pc=0x00000232008caa34 sp=0x0000008812bf30a0
Event: 5262.566 Thread 0x0000023217136490 DEOPT UNPACKING pc=0x000002320006b0e3 sp=0x0000008812bf25d8 mode 1
Event: 5262.566 Thread 0x0000023217136490 DEOPT PACKING pc=0x00000232008cb9b4 sp=0x0000008812bf3190
Event: 5262.566 Thread 0x0000023217136490 DEOPT UNPACKING pc=0x000002320006b0e3 sp=0x0000008812bf2738 mode 1
Event: 5262.566 Thread 0x0000023217136490 DEOPT PACKING pc=0x00000232008cdbac sp=0x0000008812bf32f0
Event: 5262.566 Thread 0x0000023217136490 DEOPT UNPACKING pc=0x000002320006b0e3 sp=0x0000008812bf28a0 mode 1
Event: 5360.438 Thread 0x0000023217136490 DEOPT PACKING pc=0x00000232004136fc sp=0x0000008812bf5ac0
Event: 5360.438 Thread 0x0000023217136490 DEOPT UNPACKING pc=0x000002320006b0e3 sp=0x0000008812bf4f78 mode 0

Classes loaded (20 events):
Event: 5203.152 Loading class java/lang/ObjectCustomizer
Event: 5203.152 Loading class java/lang/ObjectCustomizer done
Event: 5203.153 Loading class java/lang/ObjectCustomizer
Event: 5203.153 Loading class java/lang/ObjectCustomizer done
Event: 5203.155 Loading class java/lang/ObjectCustomizer
Event: 5203.155 Loading class java/lang/ObjectCustomizer done
Event: 5203.155 Loading class java/lang/ObjectCustomizer
Event: 5203.155 Loading class java/lang/ObjectCustomizer done
Event: 5203.157 Loading class java/lang/ObjectCustomizer
Event: 5203.157 Loading class java/lang/ObjectCustomizer done
Event: 5203.158 Loading class java/lang/ObjectCustomizer
Event: 5203.158 Loading class java/lang/ObjectCustomizer done
Event: 5203.183 Loading class java/lang/ObjectCustomizer
Event: 5203.183 Loading class java/lang/ObjectCustomizer done
Event: 5203.184 Loading class java/lang/ObjectCustomizer
Event: 5203.184 Loading class java/lang/ObjectCustomizer done
Event: 5203.315 Loading class java/lang/ObjectCustomizer
Event: 5203.315 Loading class java/lang/ObjectCustomizer done
Event: 5203.315 Loading class java/lang/ObjectCustomizer
Event: 5203.315 Loading class java/lang/ObjectCustomizer done

Classes unloaded (20 events):
Event: 5203.489 Thread 0x000002327fa11fe0 Unloading class 0x000000080112dc00 'jdk/internal/reflect/GeneratedSerializationConstructorAccessor57'
Event: 5203.489 Thread 0x000002327fa11fe0 Unloading class 0x000000080112d400 'jdk/internal/reflect/GeneratedSerializationConstructorAccessor56'
Event: 5203.489 Thread 0x000002327fa11fe0 Unloading class 0x000000080112c800 'java/lang/invoke/LambdaForm$MH+0x000000080112c800'
Event: 5203.489 Thread 0x000002327fa11fe0 Unloading class 0x000000080112a400 'jdk/internal/reflect/GeneratedSerializationConstructorAccessor54'
Event: 5203.489 Thread 0x000002327fa11fe0 Unloading class 0x0000000801850800 'jdk/internal/reflect/GeneratedSerializationConstructorAccessor52'
Event: 5203.489 Thread 0x000002327fa11fe0 Unloading class 0x000000080189c400 'jdk/internal/reflect/GeneratedSerializationConstructorAccessor51'
Event: 5203.489 Thread 0x000002327fa11fe0 Unloading class 0x00000008018adc00 'java/lang/invoke/LambdaForm$MH+0x00000008018adc00'
Event: 5203.489 Thread 0x000002327fa11fe0 Unloading class 0x00000008011f4c00 'java/lang/invoke/LambdaForm$MH+0x00000008011f4c00'
Event: 5203.489 Thread 0x000002327fa11fe0 Unloading class 0x0000000801942800 'java/lang/invoke/LambdaForm$MH+0x0000000801942800'
Event: 5203.489 Thread 0x000002327fa11fe0 Unloading class 0x000000080100a800 'java/lang/invoke/LambdaForm$MH+0x000000080100a800'
Event: 5204.275 Thread 0x000002327fa11fe0 Unloading class 0x0000000801981c00 'java/lang/invoke/LambdaForm$MH+0x0000000801981c00'
Event: 5204.275 Thread 0x000002327fa11fe0 Unloading class 0x0000000801981800 'java/lang/invoke/LambdaForm$MH+0x0000000801981800'
Event: 5204.275 Thread 0x000002327fa11fe0 Unloading class 0x0000000801982800 'org/apache/catalina/loader/JdbcLeakPrevention'
Event: 5262.230 Thread 0x000002327fa11fe0 Unloading class 0x0000000801981400 'jdk/internal/reflect/GeneratedSerializationConstructorAccessor87'
Event: 5262.230 Thread 0x000002327fa11fe0 Unloading class 0x000000080100a800 'jdk/internal/reflect/GeneratedSerializationConstructorAccessor84'
Event: 5262.230 Thread 0x000002327fa11fe0 Unloading class 0x00000008011f4c00 'jdk/internal/reflect/GeneratedSerializationConstructorAccessor83'
Event: 5262.230 Thread 0x000002327fa11fe0 Unloading class 0x000000080189c400 'jdk/internal/reflect/GeneratedSerializationConstructorAccessor80'
Event: 5262.230 Thread 0x000002327fa11fe0 Unloading class 0x00000008011f4400 'java/lang/invoke/LambdaForm$MH+0x00000008011f4400'
Event: 5262.230 Thread 0x000002327fa11fe0 Unloading class 0x00000008011f5400 'jdk/internal/reflect/GeneratedSerializationConstructorAccessor75'
Event: 5262.230 Thread 0x000002327fa11fe0 Unloading class 0x0000000801334400 'jdk/internal/reflect/GeneratedSerializationConstructorAccessor72'

Classes redefined (1 events):
Event: 22.419 Thread 0x000002327fa11fe0 redefined class name=com.example.demo.service.ProjectionServiceImplementation, count=1

Internal exceptions (20 events):
Event: 5203.553 Thread 0x00000232193137c0 Exception <a 'sun/nio/fs/WindowsException'{0x000000068be2a6d8}> (0x000000068be2a6d8) 
thrown [s\open\src\hotspot\share\prims\jni.cpp, line 517]
Event: 5203.553 Thread 0x00000232193137c0 Exception <a 'sun/nio/fs/WindowsException'{0x000000068be2a9f8}> (0x000000068be2a9f8) 
thrown [s\open\src\hotspot\share\prims\jni.cpp, line 517]
Event: 5203.553 Thread 0x00000232193137c0 Exception <a 'sun/nio/fs/WindowsException'{0x000000068be2b380}> (0x000000068be2b380) 
thrown [s\open\src\hotspot\share\prims\jni.cpp, line 517]
Event: 5203.553 Thread 0x00000232193137c0 Exception <a 'sun/nio/fs/WindowsException'{0x000000068be2b6b0}> (0x000000068be2b6b0) 
thrown [s\open\src\hotspot\share\prims\jni.cpp, line 517]
Event: 5203.554 Thread 0x00000232193137c0 Exception <a 'sun/nio/fs/WindowsException'{0x000000068be78388}> (0x000000068be78388) 
thrown [s\open\src\hotspot\share\prims\jni.cpp, line 517]
Event: 5203.554 Thread 0x00000232193137c0 Exception <a 'sun/nio/fs/WindowsException'{0x000000068be786b8}> (0x000000068be786b8) 
thrown [s\open\src\hotspot\share\prims\jni.cpp, line 517]
Event: 5203.673 Thread 0x0000023217138470 Exception <a 'java/lang/NoSuchMethodError'{0x00000006890e5da8}: static [B.<clinit>()V> (0x00000006890e5da8) 
thrown [s\open\src\hotspot\share\prims\jni.cpp, line 1107]
Event: 5203.712 Thread 0x00000232195c3130 Exception <a 'java/lang/IncompatibleClassChangeError'{0x0000000689370d18}: Found class java.lang.Object, but interface was expected> (0x0000000689370d18) 
thrown [s\open\src\hotspot\share\interpreter\linkResolver.cpp, line 841]
Event: 5262.208 Thread 0x00000232195c4bc0 Exception <a 'java/lang/InterruptedException'{0x000000068d5be900}: sleep interrupted> (0x000000068d5be900) 
thrown [s\open\src\hotspot\share\prims\jvm.cpp, line 3103]
Event: 5262.266 Thread 0x0000023217136490 Exception <a 'sun/nio/fs/WindowsException'{0x000000068bca0808}> (0x000000068bca0808) 
thrown [s\open\src\hotspot\share\prims\jni.cpp, line 517]
Event: 5262.474 Thread 0x0000023217136490 Exception <a 'java/lang/NoClassDefFoundError'{0x0000000689dabe98}: org/flywaydb/core/Flyway> (0x0000000689dabe98) 
thrown [s\open\src\hotspot\share\oops\constantPool.cpp, line 837]
Event: 5262.474 Thread 0x0000023217136490 Exception <a 'java/lang/NoClassDefFoundError'{0x0000000689dac4f8}: liquibase/integration/spring/SpringLiquibase> (0x0000000689dac4f8) 
thrown [s\open\src\hotspot\share\oops\constantPool.cpp, line 837]
Event: 5262.478 Thread 0x0000023217136490 Exception <a 'java/lang/NoClassDefFoundError'{0x0000000689e36538}: org/jooq/DSLContext> (0x0000000689e36538) 
thrown [s\open\src\hotspot\share\oops\constantPool.cpp, line 837]
Event: 5262.479 Thread 0x0000023217136490 Exception <a 'java/lang/NoClassDefFoundError'{0x0000000689e47c10}: org/springframework/batch/core/repository/JobRepository> (0x0000000689e47c10) 
thrown [s\open\src\hotspot\share\oops\constantPool.cpp, line 837]
Event: 5262.479 Thread 0x0000023217136490 Exception <a 'java/lang/NoClassDefFoundError'{0x0000000689e48268}: org/quartz/Scheduler> (0x0000000689e48268) 
thrown [s\open\src\hotspot\share\oops\constantPool.cpp, line 837]
Event: 5262.480 Thread 0x0000023217136490 Exception <a 'java/lang/NoClassDefFoundError'{0x0000000689e488e8}: org/springframework/session/jdbc/JdbcIndexedSessionRepository> (0x0000000689e488e8) 
thrown [s\open\src\hotspot\share\oops\constantPool.cpp, line 837]
Event: 5262.506 Thread 0x0000023217136490 Exception <a 'sun/nio/fs/WindowsException'{0x00000006894a7b90}> (0x00000006894a7b90) 
thrown [s\open\src\hotspot\share\prims\jni.cpp, line 517]
Event: 5262.506 Thread 0x0000023217136490 Exception <a 'sun/nio/fs/WindowsException'{0x00000006894a8228}> (0x00000006894a8228) 
thrown [s\open\src\hotspot\share\prims\jni.cpp, line 517]
Event: 5262.506 Thread 0x0000023217136490 Exception <a 'sun/nio/fs/WindowsException'{0x00000006894a8900}> (0x00000006894a8900) 
thrown [s\open\src\hotspot\share\prims\jni.cpp, line 517]
Event: 5262.513 Thread 0x0000023217136490 Exception <a 'java/io/FileNotFoundException'{0x00000006894e4df0}> (0x00000006894e4df0) 
thrown [s\open\src\hotspot\share\prims\jni.cpp, line 517]

VM Operations (20 events):
Event: 5274.107 Executing VM operation: GetObjectMonitorUsage done
Event: 5274.107 Executing VM operation: GetObjectMonitorUsage
Event: 5274.107 Executing VM operation: GetObjectMonitorUsage done
Event: 5274.107 Executing VM operation: GetObjectMonitorUsage
Event: 5274.107 Executing VM operation: GetObjectMonitorUsage done
Event: 5281.092 Executing VM operation: G1CollectForAllocation
Event: 5281.095 Executing VM operation: G1CollectForAllocation done
Event: 5281.095 Executing VM operation: Cleanup
Event: 5281.095 Executing VM operation: Cleanup done
Event: 5281.111 Executing VM operation: G1PauseRemark
Event: 5281.116 Executing VM operation: G1PauseRemark done
Event: 5281.116 Executing VM operation: Cleanup
Event: 5281.116 Executing VM operation: Cleanup done
Event: 5281.122 Executing VM operation: G1PauseCleanup
Event: 5281.122 Executing VM operation: G1PauseCleanup done
Event: 5360.437 Executing VM operation: ChangeSingleStep
Event: 5360.437 Executing VM operation: ChangeSingleStep done
Event: 5360.438 Executing VM operation: ChangeSingleStep
Event: 5360.438 Executing VM operation: ChangeSingleStep done
Event: 5526.627 Executing VM operation: G1CollectForAllocation

Events (20 events):
Event: 5262.208 Thread 0x00000232193147b0 Thread exited: 0x00000232193147b0
Event: 5262.208 Thread 0x0000023219312280 Thread exited: 0x0000023219312280
Event: 5262.208 Thread 0x0000023219313d10 Thread exited: 0x0000023219313d10
Event: 5262.208 Thread 0x00000232195c4bc0 Thread exited: 0x00000232195c4bc0
Event: 5262.208 Thread 0x00000232195c16a0 Thread exited: 0x00000232195c16a0
Event: 5262.211 Thread 0x00000232195bec20 Thread exited: 0x00000232195bec20
Event: 5262.213 Thread 0x00000232171354a0 Thread added: 0x00000232171354a0
Event: 5262.214 Thread 0x00000232195c5110 Thread exited: 0x00000232195c5110
Event: 5262.217 Thread 0x00000232171354a0 Thread exited: 0x00000232171354a0
Event: 5262.257 Thread 0x0000023217138f10 Thread added: 0x0000023217138f10
Event: 5262.257 Thread 0x0000023217138f10 Thread exited: 0x0000023217138f10
Event: 5262.257 Thread 0x0000023217136490 Thread added: 0x0000023217136490
Event: 5262.302 Thread 0x0000023217138f10 Thread added: 0x0000023217138f10
Event: 5262.322 Thread 0x0000023217138f10 Thread exited: 0x0000023217138f10
Event: 5262.549 Thread 0x0000023217138f10 Thread added: 0x0000023217138f10
Event: 5262.655 Thread 0x00000232171354a0 Thread added: 0x00000232171354a0
Event: 5267.680 Thread 0x00000232171354a0 Thread exited: 0x00000232171354a0
Event: 5278.673 Thread 0x0000023217139460 Thread exited: 0x0000023217139460
Event: 5290.598 Thread 0x000002321713ced0 Thread exited: 0x000002321713ced0
Event: 5293.687 Thread 0x000002321713a9a0 Thread exited: 0x000002321713a9a0


Dynamic libraries:
0x00007ff6c97a0000 - 0x00007ff6c97b0000 	C:\Program Files\Java\jdk-19\bin\javaw.exe
0x00007fff1df30000 - 0x00007fff1e128000 	C:\Windows\SYSTEM32\ntdll.dll
0x00007fff1c170000 - 0x00007fff1c22f000 	C:\Windows\System32\KERNEL32.DLL
0x00007fff1bb60000 - 0x00007fff1be56000 	C:\Windows\System32\KERNELBASE.dll
0x0000000067cd0000 - 0x0000000068001000 	C:\Program Files\Norton Security\NortonData\22.22.4.13\Definitions\IPSDefs\20230828.064\IPSEng64.dll
0x00007fff1dc90000 - 0x00007fff1dd3f000 	C:\Windows\System32\ADVAPI32.dll
0x00007fff1d270000 - 0x00007fff1d30e000 	C:\Windows\System32\msvcrt.dll
0x00007fff1c0d0000 - 0x00007fff1c16c000 	C:\Windows\System32\sechost.dll
0x00007fff1bfa0000 - 0x00007fff1c0c6000 	C:\Windows\System32\RPCRT4.dll
0x00007fff1dee0000 - 0x00007fff1dee8000 	C:\Windows\System32\PSAPI.DLL
0x00007fff1b8b0000 - 0x00007fff1b9b0000 	C:\Windows\System32\ucrtbase.dll
0x00007fff0ad60000 - 0x00007fff0ad78000 	C:\Program Files\Java\jdk-19\bin\jli.dll
0x00007fff0ac80000 - 0x00007fff0ac9b000 	C:\Program Files\Java\jdk-19\bin\VCRUNTIME140.dll
0x00007fff1c230000 - 0x00007fff1c3cd000 	C:\Windows\System32\USER32.dll
0x00007fff1bf60000 - 0x00007fff1bf82000 	C:\Windows\System32\win32u.dll
0x00007fff01b20000 - 0x00007fff01dba000 	C:\Windows\WinSxS\amd64_microsoft.windows.common-controls_6595b64144ccf1df_6.0.19041.1110_none_60b5254171f9507e\COMCTL32.dll
0x00007fff1dda0000 - 0x00007fff1ddcc000 	C:\Windows\System32\GDI32.dll
0x00007fff1b610000 - 0x00007fff1b725000 	C:\Windows\System32\gdi32full.dll
0x00007fff1b810000 - 0x00007fff1b8ad000 	C:\Windows\System32\msvcp_win.dll
0x00007fff15530000 - 0x00007fff1553a000 	C:\Windows\SYSTEM32\VERSION.dll
0x00007fff1c460000 - 0x00007fff1c490000 	C:\Windows\System32\IMM32.DLL
0x00007fff164f0000 - 0x00007fff164fc000 	C:\Program Files\Java\jdk-19\bin\vcruntime140_1.dll
0x00007ffea4120000 - 0x00007ffea41ae000 	C:\Program Files\Java\jdk-19\bin\msvcp140.dll
0x00007ffe7e3b0000 - 0x00007ffe7f070000 	C:\Program Files\Java\jdk-19\bin\server\jvm.dll
0x00007ffef3510000 - 0x00007ffef3519000 	C:\Windows\SYSTEM32\WSOCK32.dll
0x00007fff04580000 - 0x00007fff045a7000 	C:\Windows\SYSTEM32\WINMM.dll
0x00007fff1c540000 - 0x00007fff1c5ab000 	C:\Windows\System32\WS2_32.dll
0x00007fff1a070000 - 0x00007fff1a082000 	C:\Windows\SYSTEM32\kernel.appcore.dll
0x00007fff13b30000 - 0x00007fff13b3a000 	C:\Program Files\Java\jdk-19\bin\jimage.dll
0x00007fff19230000 - 0x00007fff19414000 	C:\Windows\SYSTEM32\DBGHELP.DLL
0x00007ffefd8f0000 - 0x00007ffefd924000 	C:\Windows\SYSTEM32\dbgcore.DLL
0x00007fff1be60000 - 0x00007fff1bee2000 	C:\Windows\System32\bcryptPrimitives.dll
0x00007ffec2290000 - 0x00007ffec22cc000 	C:\Program Files\Java\jdk-19\bin\jdwp.dll
0x00007fff13a30000 - 0x00007fff13a3e000 	C:\Program Files\Java\jdk-19\bin\instrument.dll
0x00007fff0ac50000 - 0x00007fff0ac76000 	C:\Program Files\Java\jdk-19\bin\java.dll
0x00007ffe9cdd0000 - 0x00007ffe9cea7000 	C:\Program Files\Java\jdk-19\bin\jsvml.dll
0x00007fff1d540000 - 0x00007fff1dc84000 	C:\Windows\System32\SHELL32.dll
0x00007fff19650000 - 0x00007fff19de3000 	C:\Windows\SYSTEM32\windows.storage.dll
0x00007fff1ce80000 - 0x00007fff1d1d4000 	C:\Windows\System32\combase.dll
0x00007fff1af00000 - 0x00007fff1af2e000 	C:\Windows\SYSTEM32\Wldp.dll
0x00007fff1ddd0000 - 0x00007fff1de7d000 	C:\Windows\System32\SHCORE.dll
0x00007fff1de80000 - 0x00007fff1ded5000 	C:\Windows\System32\shlwapi.dll
0x00007fff1b540000 - 0x00007fff1b565000 	C:\Windows\SYSTEM32\profapi.dll
0x00007fff139c0000 - 0x00007fff139cc000 	C:\Program Files\Java\jdk-19\bin\dt_socket.dll
0x00007fff1a990000 - 0x00007fff1a9cb000 	C:\Windows\SYSTEM32\IPHLPAPI.DLL
0x00007fff1ac80000 - 0x00007fff1acea000 	C:\Windows\system32\mswsock.dll
0x00007fff1a9d0000 - 0x00007fff1aa9a000 	C:\Windows\SYSTEM32\DNSAPI.dll
0x00007fff1bf90000 - 0x00007fff1bf98000 	C:\Windows\System32\NSI.dll
0x00007fff140d0000 - 0x00007fff140da000 	C:\Windows\System32\rasadhlp.dll
0x00007fff10e00000 - 0x00007fff10e82000 	C:\Windows\System32\fwpuclnt.dll
0x00007fff1b730000 - 0x00007fff1b757000 	C:\Windows\System32\bcrypt.dll
0x00007ffec23a0000 - 0x00007ffec23b8000 	C:\Program Files\Java\jdk-19\bin\zip.dll
0x00007ffec2270000 - 0x00007ffec2283000 	C:\Program Files\Java\jdk-19\bin\net.dll
0x00007fff12ef0000 - 0x00007fff12ffa000 	C:\Windows\SYSTEM32\WINHTTP.dll
0x00007ffec1ed0000 - 0x00007ffec1ee6000 	C:\Program Files\Java\jdk-19\bin\nio.dll
0x00007fff0fdb0000 - 0x00007fff0fdba000 	C:\Program Files\Java\jdk-19\bin\management.dll
0x00007fff0b1c0000 - 0x00007fff0b1cb000 	C:\Program Files\Java\jdk-19\bin\management_ext.dll
0x00007ffee8ec0000 - 0x00007ffee8ed7000 	C:\Windows\system32\napinsp.dll
0x00007ffee8ca0000 - 0x00007ffee8cbb000 	C:\Windows\system32\pnrpnsp.dll
0x00007ffee8c40000 - 0x00007ffee8c55000 	C:\Windows\system32\wshbth.dll
0x00007fff168e0000 - 0x00007fff168fd000 	C:\Windows\system32\NLAapi.dll
0x00007ffee8b50000 - 0x00007ffee8b62000 	C:\Windows\System32\winrnr.dll
0x00007fff1af40000 - 0x00007fff1af58000 	C:\Windows\SYSTEM32\CRYPTSP.dll
0x00007fff1a5b0000 - 0x00007fff1a5e4000 	C:\Windows\system32\rsaenh.dll
0x00007fff1b500000 - 0x00007fff1b52e000 	C:\Windows\SYSTEM32\USERENV.dll
0x00007fff1ae10000 - 0x00007fff1ae1c000 	C:\Windows\SYSTEM32\CRYPTBASE.dll
0x00007fff14660000 - 0x00007fff14677000 	C:\Windows\SYSTEM32\dhcpcsvc6.DLL
0x00007fff140b0000 - 0x00007fff140cd000 	C:\Windows\SYSTEM32\dhcpcsvc.DLL
0x00007fff0ad50000 - 0x00007fff0ad58000 	C:\Program Files\Java\jdk-19\bin\extnet.dll
0x00007ffed6770000 - 0x00007ffed6780000 	C:\Program Files\Java\jdk-19\bin\verify.dll
0x00007ffed6290000 - 0x00007ffed629e000 	C:\Program Files\Java\jdk-19\bin\sunmscapi.dll
0x00007fff1ba00000 - 0x00007fff1bb5e000 	C:\Windows\System32\CRYPT32.dll
0x00007fff1b0c0000 - 0x00007fff1b0e8000 	C:\Windows\SYSTEM32\ncrypt.dll
0x00007fff1b080000 - 0x00007fff1b0bb000 	C:\Windows\SYSTEM32\NTASN1.dll
0x00007fff16520000 - 0x00007fff16527000 	C:\Windows\system32\wshunix.dll

dbghelp: loaded successfully - version: 4.0.5 - missing functions: none
symbol engine: initialized successfully - sym options: 0x614 - pdb path: .;C:\Program Files\Java\jdk-19\bin;C:\Windows\SYSTEM32;C:\Program Files\Norton Security\NortonData\22.22.4.13\Definitions\IPSDefs\20230828.064;C:\Windows\WinSxS\amd64_microsoft.windows.common-controls_6595b64144ccf1df_6.0.19041.1110_none_60b5254171f9507e;C:\Program Files\Java\jdk-19\bin\server

VM Arguments:
jvm_args: -XX:+ShowCodeDetailsInExceptionMessages -agentlib:jdwp=transport=dt_socket,suspend=y,address=localhost:52430 -Dcom.sun.management.jmxremote -Dcom.sun.management.jmxremote.port=52426 -Dcom.sun.management.jmxremote.authenticate=false -Dcom.sun.management.jmxremote.ssl=false -Djava.rmi.server.hostname=localhost -Dspring.jmx.enabled=true -Dmanagement.endpoints.jmx.exposure.include=* -Dspring.application.admin.enabled=true -XX:TieredStopAtLevel=1 -Dspring.boot.project.name=ReservationConsultationFilm -javaagent:C:\eclipse\configuration\org.eclipse.osgi\227\0\.cp\lib\javaagent-shaded.jar -Dfile.encoding=UTF-8 
java_command: com.example.demo.PfaProjectApplication --spring.output.ansi.enabled=always
java_class_path (initial): E:\springWorkspace\ReservationConsultationFilmBackend\target\classes;C:\Users\USER\.m2\repository\org\springframework\boot\spring-boot-starter-data-jpa\2.7.13\spring-boot-starter-data-jpa-2.7.13.jar;C:\Users\USER\.m2\repository\org\springframework\boot\spring-boot-starter-aop\2.7.13\spring-boot-starter-aop-2.7.13.jar;C:\Users\USER\.m2\repository\org\aspectj\aspectjweaver\1.9.7\aspectjweaver-1.9.7.jar;C:\Users\USER\.m2\repository\org\springframework\boot\spring-boot-starter-jdbc\2.7.13\spring-boot-starter-jdbc-2.7.13.jar;C:\Users\USER\.m2\repository\com\zaxxer\HikariCP\4.0.3\HikariCP-4.0.3.jar;C:\Users\USER\.m2\repository\org\springframework\spring-jdbc\5.3.28\spring-jdbc-5.3.28.jar;C:\Users\USER\.m2\repository\jakarta\transaction\jakarta.transaction-api\1.3.3\jakarta.transaction-api-1.3.3.jar;C:\Users\USER\.m2\repository\jakarta\persistence\jakarta.persistence-api\2.2.3\jakarta.persistence-api-2.2.3.jar;C:\Users\USER\.m2\repository\org\hibernate\hibernate-core\5.6.15.Final\hibernate-core-5.6.15.Final.jar;C:\Users\USER\.m2\repository\org\jboss\logging\jboss-logging\3.4.3.Final\jboss-logging-3.4.3.Final.jar;C:\Users\USER\.m2\repository\net\bytebuddy\byte-buddy\1.12.23\byte-buddy-1.12.23.jar;C:\Users\USER\.m2\repository\antlr\antlr\2.7.7\antlr-2.7.7.jar;C:\Users\USER\.m2\repository\org\jboss\jandex\2.4.2.Final\jandex-2.4.2.Final.jar;C:\Users\USER\.m2\repository\com\fasterxml\classmate\1.5.1\classmate-1.5.1.jar;C:\Users\USER\.m2\repository\org\hibernate\common\hibernate-commons-annotations\5.1.2.Final\hibernate-commons-annotations-5.1.2.Final.jar;C:\Users\USER\.m2\repository\org\glassfish\jaxb\jaxb-runtime\2.3.8\jaxb-runtime-2.3.8.jar;C:\Users\USER\.m2\repository\org\glassfish\jaxb\txw2\2.3.8\txw2-2.3.8.jar;C:\Users\USER\.m2\repository\com\sun\istack\istack-commons-runtime\3.0.12\istack-commons-runtime-3.0.12.jar;C:\Users\USER\.m2\repository\org\springframework\data\spring-data-jpa\2.7.13\spring-data-jpa-2.7.13.jar;C:\Users\USER\.m2\repository\org\springframework\data\spring-data-commons\2.7.13\spring-data-commons-2.7.13.jar;C:\Users\USER\.m2\repository\org\springframework\spring-orm\5.3.28\spring-orm-5.3.28.jar;C:\Users\USER\.m2\repository\org\springframework\spring-context\5.3.28\spring-context-5.3.28.jar;C:\Users\USER\.m2\repository\org\springframework\spring-tx\5.3.28\spring-tx-5.3.28.jar;C:\Users\USER\.m2\repository\org\springframework\spring-beans\5.3.28\spring-beans-5.3.28.jar;C:\Users\USER\.m2\repository\org\slf4j\slf4j-api\1.7.36\slf4j-api-1.7.36.jar;C:\Users\USER\.m2\repository\org\springframework\spring-aspects\5.3.28\spring-aspects-5.3.28.jar;C:\Users\USER\.m2\repository\org\springframework\boot\spring-boot-starter-security\2.7.13\spring-boot-starter-security-2.7.13.jar;C:\Users\USER\.m2\repository\org\springframework\boot\spring-boot-starter\2.7.13\spring-boot-starter-2.7.13.jar;C:\Users\USER\.m2\repository\org\springframework\boot\spring-boot-starter-logging\2.7.13\spring-boot-starter-logging-2.7.13.jar;C:\Users\USER\.m2\repository\ch\qos\logback\logback-classic\1.2.12\logback-classic-1.2.12.jar;C:\Users\USER\.m2\repository\ch\qos\logback\logback-core\1.2.12\logback-core-1.2.12.jar;C:\Users\USER\.m2\repository\org\apache\logging\log4j\log4j-to-slf4j\2.17.2\log4j-to-slf4j-2.17.2.jar;C:\Users\USER\.m2\repository\org\apache\logging\log4j\log4j-api\2.17.2\log4j-api-2.17.2.jar;C:\Users\USER\.m2\repository\org\slf4j\jul-to-slf4j\1.7.36\jul-to-slf4j-1.7.36.jar;C:\Users\USER\.m2\repository\jakarta\annotation\jakarta.annotation-api\1.3.5\jakarta.annotation-api-1.3.5.jar;C:\Users\USER\.m2\repository\org\yaml\snakeyaml\1.30\snakeyaml-1.30.jar;C:\Users\USER\.m2\repository\org\springframework\spring-aop\5.3.28\spring-aop-5.3.28.jar;C:\Users\USER\.m2\repository\org\springframework\security\spring-security-config\5.7.9\spring-security-config-5.7.9.jar;C:\Users\USER\.m2\repository\org\springframework\security\spring-security-web\5.7.9\spring-security-web-5.7.9.jar;C:\Users\USER\.m2\repository\org\springframework\spring-expression\5.3.28\spring-expression-5.3.28.jar;C:\Users\USER\.m2\repository\org\springframework\boot\spring-boot-starter-web\2.7.13\spring-boot-starter-web-2.7.13.jar;C:\Users\USER\.m2\repository\org\springframework\boot\spring-boot-starter-json\2.7.13\spring-boot-starter-json-2.7.13.jar;C:\Users\USER\.m2\repository\com\fasterxml\jackson\datatype\jackson-datatype-jdk8\2.13.5\jackson-datatype-jdk8-2.13.5.jar;C:\Users\USER\.m2\repository\com\fasterxml\jackson\datatype\jackson-datatype-jsr310\2.13.5\jackson-datatype-jsr310-2.13.5.jar;C:\Users\USER\.m2\repository\com\fasterxml\jackson\module\jackson-module-parameter-names\2.13.5\jackson-module-parameter-names-2.13.5.jar;C:\Users\USER\.m2\repository\org\springframework\boot\spring-boot-starter-tomcat\2.7.13\spring-boot-starter-tomcat-2.7.13.jar;C:\Users\USER\.m2\repository\org\apache\tomcat\embed\tomcat-embed-core\9.0.76\tomcat-embed-core-9.0.76.jar;C:\Users\USER\.m2\repository\org\apache\tomcat\embed\tomcat-embed-el\9.0.76\tomcat-embed-el-9.0.76.jar;C:\Users\USER\.m2\repository\org\apache\tomcat\embed\tomcat-embed-websocket\9.0.76\tomcat-embed-websocket-9.0.76.jar;C:\Users\USER\.m2\repository\org\springframework\spring-web\5.3.28\spring-web-5.3.28.jar;C:\Users\USER\.m2\repository\org\springframework\spring-webmvc\5.3.28\spring-webmvc-5.3.28.jar;C:\Users\USER\.m2\repository\org\springframework\boot\spring-boot-devtools\2.7.13\spring-boot-devtools-2.7.13.jar;C:\Users\USER\.m2\repository\org\springframework\boot\spring-boot\2.7.13\spring-boot-2.7.13.jar;C:\Users\USER\.m2\repository\org\springframework\boot\spring-boot-autoconfigure\2.7.13\spring-boot-autoconfigure-2.7.13.jar;C:\Users\USER\.m2\repository\com\mysql\mysql-connector-j\8.0.33\mysql-connector-j-8.0.33.jar;C:\Users\USER\.m2\repository\org\projectlombok\lombok\1.18.28\lombok-1.18.28.jar;C:\Users\USER\.m2\repository\jakarta\xml\bind\jakarta.xml.bind-api\2.3.3\jakarta.xml.bind-api-2.3.3.jar;C:\Users\USER\.m2\repository\jakarta\activation\jakarta.activation-api\1.2.2\jakarta.activation-api-1.2.2.jar;C:\Users\USER\.m2\repository\org\springframework\spring-core\5.3.28\spring-core-5.3.28.jar;C:\Users\USER\.m2\repository\org\springframework\spring-jcl\5.3.28\spring-jcl-5.3.28.jar;C:\Users\USER\.m2\repository\org\springframework\security\spring-security-core\5.7.9\spring-security-core-5.7.9.jar;C:\Users\USER\.m2\repository\org\springframework\security\spring-security-crypto\5.7.9\spring-security-crypto-5.7.9.jar;C:\Users\USER\.m2\repository\io\jsonwebtoken\jjwt-api\0.11.5\jjwt-api-0.11.5.jar;C:\Users\USER\.m2\repository\io\jsonwebtoken\jjwt-impl\0.11.5\jjwt-impl-0.11.5.jar;C:\Users\USER\.m2\repository\io\jsonwebtoken\jjwt-jackson\0.11.5\jjwt-jackson-0.11.5.jar;C:\Users\USER\.m2\repository\com\fasterxml\jackson\core\jackson-databind\2.13.5\jackson-databind-2.13.5.jar;C:\Users\USER\.m2\repository\com\fasterxml\jackson\core\jackson-annotations\2.13.5\jackson-annotations-2.13.5.jar;C:\Users\USER\.m2\repository\com\fasterxml\jackson\core\jackson-core\2.13.5\jackson-core-2.13.5.jar;C:\Users\USER\.m2\repository\org\springdoc\springdoc-openapi-ui\1.6.9\springdoc-openapi-ui-1.6.9.jar;C:\Users\USER\.m2\repository\org\springdoc\springdoc-openapi-webmvc-core\1.6.9\springdoc-openapi-webmvc-core-1.6.9.jar;C:\Users\USER\.m2\repository\org\springdoc\springdoc-openapi-common\1.6.9\springdoc-openapi-common-1.6.9.jar;C:\Users\USER\.m2\repository\io\swagger\core\v3\swagger-core\2.2.0\swagger-core-2.2.0.jar;C:\Users\USER\.m2\repository\org\apache\commons\commons-lang3\3.12.0\commons-lang3-3.12.0.jar;C:\Users\USER\.m2\repository\com\fasterxml\jackson\dataformat\jackson-dataformat-yaml\2.13.5\jackson-dataformat-yaml-2.13.5.jar;C:\Users\USER\.m2\repository\io\swagger\core\v3\swagger-annotations\2.2.0\swagger-annotations-2.2.0.jar;C:\Users\USER\.m2\repository\io\swagger\core\v3\swagger-models\2.2.0\swagger-models-2.2.0.jar;C:\Users\USER\.m2\repository\jakarta\validation\jakarta.validation-api\2.0.2\jakarta.validation-api-2.0.2.jar;C:\Users\USER\.m2\repository\org\webjars\swagger-ui\4.11.1\swagger-ui-4.11.1.jar;C:\Users\USER\.m2\repository\org\webjars\webjars-locator-core\0.50\webjars-locator-core-0.50.jar;C:\Users\USER\.m2\repository\io\github\classgraph\classgraph\4.8.147\classgraph-4.8.147.jar;C:\Users\USER\.m2\repository\org\springframework\boot\spring-boot-starter-mail\2.7.13\spring-boot-starter-mail-2.7.13.jar;C:\Users\USER\.m2\repository\org\springframework\spring-context-support\5.3.28\spring-context-support-5.3.28.jar;C:\Users\USER\.m2\repository\com\sun\mail\jakarta.mail\1.6.7\jakarta.mail-1.6.7.jar;C:\Users\USER\.m2\repository\com\sun\activation\jakarta.activation\1.2.2\jakarta.activation-1.2.2.jar
Launcher Type: SUN_STANDARD

[Global flags]
     intx CICompilerCount                          = 12                                        {product} {ergonomic}
     uint ConcGCThreads                            = 3                                         {product} {ergonomic}
     uint G1ConcRefinementThreads                  = 13                                        {product} {ergonomic}
   size_t G1HeapRegionSize                         = 4194304                                   {product} {ergonomic}
    uintx GCDrainStackTargetSize                   = 64                                        {product} {ergonomic}
   size_t InitialHeapSize                          = 398458880                                 {product} {ergonomic}
     bool ManagementServer                         = true                                      {product} {command line}
   size_t MarkStackSize                            = 4194304                                   {product} {ergonomic}
   size_t MaxHeapSize                              = 6366953472                                {product} {ergonomic}
   size_t MaxNewSize                               = 3816816640                                {product} {ergonomic}
   size_t MinHeapDeltaBytes                        = 4194304                                   {product} {ergonomic}
   size_t MinHeapSize                              = 8388608                                   {product} {ergonomic}
    uintx NonProfiledCodeHeapSize                  = 0                                      {pd product} {ergonomic}
     bool ProfileInterpreter                       = false                                  {pd product} {command line}
    uintx ProfiledCodeHeapSize                     = 0                                      {pd product} {ergonomic}
     bool ShowCodeDetailsInExceptionMessages       = true                                   {manageable} {command line}
   size_t SoftMaxHeapSize                          = 6366953472                             {manageable} {ergonomic}
     intx TieredStopAtLevel                        = 1                                         {product} {command line}
     bool UseCompressedClassPointers               = true                           {product lp64_product} {ergonomic}
     bool UseCompressedOops                        = true                           {product lp64_product} {ergonomic}
     bool UseG1GC                                  = true                                      {product} {ergonomic}
     bool UseLargePagesIndividualAllocation        = false                                  {pd product} {ergonomic}

Logging:
Log output configuration:
 #0: stdout all=warning uptime,level,tags foldmultilines=false
 #1: stderr all=off uptime,level,tags foldmultilines=false

Environment Variables:
PATH=C:/eclipse//plugins/org.eclipse.justj.openjdk.hotspot.jre.full.win32.x86_64_17.0.7.v20230425-1502/jre/bin/server;C:/eclipse//plugins/org.eclipse.justj.openjdk.hotspot.jre.full.win32.x86_64_17.0.7.v20230425-1502/jre/bin;C:\Python311\Scripts\;C:\Python311\;C:\Program Files (x86)\VMware\VMware Workstation\bin\;C:\Program Files\Common Files\Oracle\Java\javapath;C:\oraclexe\app\oracle\product\11.2.0\server\bin;C:\Program Files (x86)\Common Files\Oracle\Java\javapath;C:\Windows\system32;C:\Windows;C:\Windows\System32\Wbem;C:\Windows\System32\WindowsPowerShell\v1.0\;C:\Windows\System32\OpenSSH\;C:\Program Files (x86)\NVIDIA Corporation\PhysX\Common;C:\Program Files\NVIDIA Corporation\NVIDIA NvDLISR;C:\Program Files\Git\cmd;C:\Program Files (x86)\MySQL\MySQL Server 5.4\bin;C:\Program Files\Microsoft\Web Platform Installer\;C:\ProgramData\chocolatey\bin;C:\Program Files\dotnet\;C:\Program Files\Microsoft SQL Server\120\DTS\Binn\;C:\Program Files\Microsoft SQL Server\Client SDK\ODBC\110\Tools\Binn\;C:\Program Files (x86)\Microsoft SQL Server\120\Tools\Binn\;C:\Program Files\Microsoft SQL Server\120\Tools\Binn\;C:\Program Files (x86)\Microsoft SQL Server\120\Tools\Binn\ManagementStudio\;C:\Program Files (x86)\Microsoft SQL Server\120\DTS\Binn\;C:\Program Files\Microsoft SQL Server\130\Tools\Binn\;C:\Program Files\Microsoft SQL Server\Client SDK\ODBC\170\Tools\Binn\;C:\Program Files (x86)\Microsoft SQL Server\150\Tools\Binn\;C:\Program Files\Microsoft SQL Server\150\Tools\Binn\;C:\Program Files (x86)\Microsoft SQL Server\150\DTS\Binn\;C:\Program Files\Microsoft SQL Server\150\DTS\Binn\;C:\Program Files (x86)\Microsoft SQL Server\160\DTS\Binn\;C:\Program Files\Azure Data Studio\bin;C:\Program Files (x86)\Microsoft SQL Server\110\DTS\Binn\;C:\Program Files (x86)\Microsoft SQL Server\130\DTS\Binn\;C:\Program Files (x86)\Microsoft SQL Server\140\DTS\Binn\;C:\Program Files\MySQL\MySQL Server 8.0\bin;C:\Program Files\nodejs\;C:\Program Files\MySQL\MySQL Shell 8.0\bin\;C:\Users\USER\AppData\Local\Microsoft\WindowsApps;C:\Users\USER\AppData\Local\Programs\Microsoft VS Code\bin;C:\Program Files\MongoDB\Server\4.2\bin;C:\Program Files\JetBrains\IntelliJ IDEA 2022.3\bin;;C:\Program Files\JetBrains\IntelliJ IDEA Community Edition 2022.3\bin;;C:\Users\USER\.dotnet\tools;C:\Program Files\Java\jdk1.8.0_341\bin;C:\Program Files\Azure Data Studio\bin;C:\Users\USER\node_modules\.bin;C:\Program Files\Java\jdk-11.0.17\bin;C:\Users\USER\AppData\Roaming\npm;C:\eclipse;
USERNAME=USER
OS=Windows_NT
PROCESSOR_IDENTIFIER=Intel64 Family 6 Model 141 Stepping 1, GenuineIntel
TMP=C:\Users\USER\AppData\Local\Temp
TEMP=C:\Users\USER\AppData\Local\Temp



---------------  S Y S T E M  ---------------

OS:
 Windows 10 , 64 bit Build 19041 (10.0.19041.3155)
OS uptime: 18 days 4:59 hours
Hyper-V role detected

CPU: total 16 (initial active 16) (8 cores per cpu, 2 threads per core) family 6 model 141 stepping 1 microcode 0x26, cx8, cmov, fxsr, ht, mmx, 3dnowpref, sse, sse2, sse3, ssse3, sse4.1, sse4.2, popcnt, lzcnt, tsc, tscinvbit, avx, avx2, aes, erms, clmul, bmi1, bmi2, adx, avx512f, avx512dq, avx512cd, avx512bw, avx512vl, sha, fma, vzeroupper, avx512_vpopcntdq, avx512_vpclmulqdq, avx512_vaes, avx512_vnni, clflush, clflushopt, clwb, avx512_vbmi2, avx512_vbmi, hv, rdtscp, rdpid, fsrm, gfni, avx512_bitalg

Memory: 4k page, system-wide physical 24277M (9693M free)
TotalPageFile size 28182M (AvailPageFile size 5383M)
current process WorkingSet (physical memory assigned to process): 302M, peak: 378M
current process commit charge ("private bytes"): 361M, peak: 606M

vm_info: Java HotSpot(TM) 64-Bit Server VM (19.0.1+10-21) for windows-amd64 JRE (19.0.1+10-21), built on 2022-09-14T12:45:06Z by "mach5one" with MS VC++ 17.1 (VS2022)

END.
